{"/home/ahmed/Desktop/playground/nodejs-test/project-task-management-system/src/middleware/async-wrapper.ts": {"path":"/home/ahmed/Desktop/playground/nodejs-test/project-task-management-system/src/middleware/async-wrapper.ts","statementMap":{"0":{"start":{"line":2,"column":0},"end":{"line":2,"column":44}},"1":{"start":{"line":6,"column":21},"end":{"line":15,"column":1}},"2":{"start":{"line":7,"column":4},"end":{"line":14,"column":6}},"3":{"start":{"line":8,"column":8},"end":{"line":13,"column":11}},"4":{"start":{"line":9,"column":12},"end":{"line":11,"column":13}},"5":{"start":{"line":10,"column":16},"end":{"line":10,"column":null}},"6":{"start":{"line":12,"column":12},"end":{"line":12,"column":24}},"7":{"start":{"line":17,"column":0},"end":{"line":17,"column":28}}},"fnMap":{"0":{"name":"(anonymous_0)","decl":{"start":{"line":6,"column":21},"end":{"line":6,"column":23}},"loc":{"start":{"line":6,"column":52},"end":{"line":15,"column":1}}},"1":{"name":"(anonymous_1)","decl":{"start":{"line":7,"column":11},"end":{"line":7,"column":12}},"loc":{"start":{"line":7,"column":63},"end":{"line":14,"column":5}}},"2":{"name":"(anonymous_2)","decl":{"start":{"line":8,"column":40},"end":{"line":8,"column":41}},"loc":{"start":{"line":8,"column":55},"end":{"line":13,"column":9}}}},"branchMap":{"0":{"loc":{"start":{"line":9,"column":12},"end":{"line":11,"column":13}},"type":"if","locations":[{"start":{"line":9,"column":12},"end":{"line":11,"column":13}},{"start":{},"end":{}}]}},"s":{"0":4,"1":4,"2":76,"3":26,"4":6,"5":0,"6":6,"7":4},"f":{"0":76,"1":26,"2":6},"b":{"0":[0,6]}}
,"/home/ahmed/Desktop/playground/nodejs-test/project-task-management-system/src/middleware/authenticate.ts": {"path":"/home/ahmed/Desktop/playground/nodejs-test/project-task-management-system/src/middleware/authenticate.ts","statementMap":{"0":{"start":{"line":2,"column":0},"end":{"line":2,"column":48}},"1":{"start":{"line":4,"column":0},"end":{"line":4,"column":44}},"2":{"start":{"line":6,"column":28},"end":{"line":26,"column":1}},"3":{"start":{"line":11,"column":2},"end":{"line":25,"column":20}},"4":{"start":{"line":15,"column":6},"end":{"line":15,"column":32}},"5":{"start":{"line":15,"column":15},"end":{"line":15,"column":32}},"6":{"start":{"line":17,"column":6},"end":{"line":20,"column":7}},"7":{"start":{"line":19,"column":8},"end":{"line":19,"column":71}},"8":{"start":{"line":22,"column":6},"end":{"line":22,"column":22}},"9":{"start":{"line":23,"column":6},"end":{"line":23,"column":13}},"10":{"start":{"line":6,"column":13},"end":{"line":6,"column":28}}},"fnMap":{"0":{"name":"(anonymous_1)","decl":{"start":{"line":6,"column":28},"end":{"line":6,"column":null}},"loc":{"start":{"line":10,"column":4},"end":{"line":26,"column":1}}},"1":{"name":"(anonymous_2)","decl":{"start":{"line":14,"column":4},"end":{"line":14,"column":5}},"loc":{"start":{"line":14,"column":54},"end":{"line":24,"column":5}}}},"branchMap":{"0":{"loc":{"start":{"line":15,"column":6},"end":{"line":15,"column":32}},"type":"if","locations":[{"start":{"line":15,"column":6},"end":{"line":15,"column":32}},{"start":{},"end":{}}]},"1":{"loc":{"start":{"line":17,"column":6},"end":{"line":20,"column":7}},"type":"if","locations":[{"start":{"line":17,"column":6},"end":{"line":20,"column":7}},{"start":{},"end":{}}]}},"s":{"0":4,"1":4,"2":4,"3":33,"4":33,"5":0,"6":33,"7":2,"8":31,"9":31,"10":4},"f":{"0":33,"1":33},"b":{"0":[0,33],"1":[2,31]}}
,"/home/ahmed/Desktop/playground/nodejs-test/project-task-management-system/src/middleware/error-handler.ts": {"path":"/home/ahmed/Desktop/playground/nodejs-test/project-task-management-system/src/middleware/error-handler.ts","statementMap":{"0":{"start":{"line":2,"column":0},"end":{"line":2,"column":44}},"1":{"start":{"line":4,"column":28},"end":{"line":16,"column":1}},"2":{"start":{"line":6,"column":4},"end":{"line":6,"column":37}},"3":{"start":{"line":7,"column":4},"end":{"line":7,"column":71}},"4":{"start":{"line":9,"column":4},"end":{"line":15,"column":6}},"5":{"start":{"line":4,"column":13},"end":{"line":4,"column":28}},"6":{"start":{"line":18,"column":36},"end":{"line":20,"column":1}},"7":{"start":{"line":19,"column":4},"end":{"line":19,"column":79}},"8":{"start":{"line":18,"column":13},"end":{"line":18,"column":36}}},"fnMap":{"0":{"name":"(anonymous_0)","decl":{"start":{"line":4,"column":28},"end":{"line":4,"column":29}},"loc":{"start":{"line":4,"column":101},"end":{"line":16,"column":1}}},"1":{"name":"(anonymous_1)","decl":{"start":{"line":18,"column":36},"end":{"line":18,"column":37}},"loc":{"start":{"line":18,"column":94},"end":{"line":20,"column":1}}}},"branchMap":{"0":{"loc":{"start":{"line":7,"column":23},"end":{"line":7,"column":70}},"type":"cond-expr","locations":[{"start":{"line":7,"column":62},"end":{"line":7,"column":65}},{"start":{"line":7,"column":68},"end":{"line":7,"column":70}}]},"1":{"loc":{"start":{"line":9,"column":15},"end":{"line":9,"column":36}},"type":"binary-expr","locations":[{"start":{"line":9,"column":15},"end":{"line":9,"column":29}},{"start":{"line":9,"column":33},"end":{"line":9,"column":36}}]},"2":{"loc":{"start":{"line":11,"column":24},"end":{"line":11,"column":45}},"type":"binary-expr","locations":[{"start":{"line":11,"column":24},"end":{"line":11,"column":38}},{"start":{"line":11,"column":42},"end":{"line":11,"column":45}}]},"3":{"loc":{"start":{"line":12,"column":24},"end":{"line":12,"column":49}},"type":"binary-expr","locations":[{"start":{"line":12,"column":24},"end":{"line":12,"column":38}},{"start":{"line":12,"column":42},"end":{"line":12,"column":49}}]},"4":{"loc":{"start":{"line":13,"column":21},"end":{"line":13,"column":59}},"type":"binary-expr","locations":[{"start":{"line":13,"column":21},"end":{"line":13,"column":32}},{"start":{"line":13,"column":36},"end":{"line":13,"column":59}}]}},"s":{"0":4,"1":4,"2":19,"3":19,"4":19,"5":4,"6":4,"7":0,"8":4},"f":{"0":19,"1":0},"b":{"0":[0,19],"1":[19,0],"2":[19,0],"3":[19,0],"4":[19,0]}}
,"/home/ahmed/Desktop/playground/nodejs-test/project-task-management-system/src/middleware/is-admin.ts": {"path":"/home/ahmed/Desktop/playground/nodejs-test/project-task-management-system/src/middleware/is-admin.ts","statementMap":{"0":{"start":{"line":3,"column":0},"end":{"line":3,"column":44}},"1":{"start":{"line":5,"column":23},"end":{"line":15,"column":1}},"2":{"start":{"line":10,"column":19},"end":{"line":10,"column":43}},"3":{"start":{"line":11,"column":2},"end":{"line":13,"column":3}},"4":{"start":{"line":12,"column":4},"end":{"line":12,"column":73}},"5":{"start":{"line":14,"column":2},"end":{"line":14,"column":9}},"6":{"start":{"line":5,"column":13},"end":{"line":5,"column":23}}},"fnMap":{"0":{"name":"(anonymous_0)","decl":{"start":{"line":5,"column":23},"end":{"line":5,"column":null}},"loc":{"start":{"line":9,"column":4},"end":{"line":15,"column":1}}}},"branchMap":{"0":{"loc":{"start":{"line":11,"column":2},"end":{"line":13,"column":3}},"type":"if","locations":[{"start":{"line":11,"column":2},"end":{"line":13,"column":3}},{"start":{},"end":{}}]}},"s":{"0":4,"1":4,"2":16,"3":16,"4":7,"5":9,"6":4},"f":{"0":16},"b":{"0":[7,9]}}
,"/home/ahmed/Desktop/playground/nodejs-test/project-task-management-system/src/middleware/validate-refresh-token.ts": {"path":"/home/ahmed/Desktop/playground/nodejs-test/project-task-management-system/src/middleware/validate-refresh-token.ts","statementMap":{"0":{"start":{"line":2,"column":0},"end":{"line":2,"column":48}},"1":{"start":{"line":6,"column":0},"end":{"line":6,"column":44}},"2":{"start":{"line":8,"column":36},"end":{"line":27,"column":1}},"3":{"start":{"line":13,"column":2},"end":{"line":26,"column":20}},"4":{"start":{"line":17,"column":6},"end":{"line":17,"column":32}},"5":{"start":{"line":17,"column":15},"end":{"line":17,"column":32}},"6":{"start":{"line":19,"column":6},"end":{"line":21,"column":7}},"7":{"start":{"line":20,"column":8},"end":{"line":20,"column":79}},"8":{"start":{"line":23,"column":6},"end":{"line":23,"column":22}},"9":{"start":{"line":24,"column":6},"end":{"line":24,"column":13}},"10":{"start":{"line":8,"column":13},"end":{"line":8,"column":36}}},"fnMap":{"0":{"name":"(anonymous_1)","decl":{"start":{"line":8,"column":36},"end":{"line":8,"column":null}},"loc":{"start":{"line":12,"column":4},"end":{"line":27,"column":1}}},"1":{"name":"(anonymous_2)","decl":{"start":{"line":16,"column":4},"end":{"line":16,"column":5}},"loc":{"start":{"line":16,"column":54},"end":{"line":25,"column":5}}}},"branchMap":{"0":{"loc":{"start":{"line":17,"column":6},"end":{"line":17,"column":32}},"type":"if","locations":[{"start":{"line":17,"column":6},"end":{"line":17,"column":32}},{"start":{},"end":{}}]},"1":{"loc":{"start":{"line":19,"column":6},"end":{"line":21,"column":7}},"type":"if","locations":[{"start":{"line":19,"column":6},"end":{"line":21,"column":7}},{"start":{},"end":{}}]}},"s":{"0":4,"1":4,"2":4,"3":2,"4":2,"5":0,"6":2,"7":1,"8":1,"9":1,"10":4},"f":{"0":2,"1":2},"b":{"0":[0,2],"1":[1,1]}}
,"/home/ahmed/Desktop/playground/nodejs-test/project-task-management-system/src/middleware/validate-schemas.ts": {"path":"/home/ahmed/Desktop/playground/nodejs-test/project-task-management-system/src/middleware/validate-schemas.ts","statementMap":{"0":{"start":{"line":3,"column":0},"end":{"line":3,"column":44}},"1":{"start":{"line":6,"column":2},"end":{"line":35,"column":3}},"2":{"start":{"line":10,"column":2},"end":{"line":35,"column":3}},"3":{"start":{"line":11,"column":29},"end":{"line":14,"column":6}},"4":{"start":{"line":16,"column":4},"end":{"line":26,"column":5}},"5":{"start":{"line":17,"column":22},"end":{"line":19,"column":18}},"6":{"start":{"line":18,"column":20},"end":{"line":18,"column":51}},"7":{"start":{"line":21,"column":6},"end":{"line":25,"column":8}},"8":{"start":{"line":28,"column":4},"end":{"line":32,"column":5}},"9":{"start":{"line":29,"column":6},"end":{"line":29,"column":38}},"10":{"start":{"line":31,"column":7},"end":{"line":31,"column":33}},"11":{"start":{"line":34,"column":4},"end":{"line":34,"column":11}},"12":{"start":{"line":5,"column":13},"end":{"line":5,"column":null}}},"fnMap":{"0":{"name":"(anonymous_0)","decl":{"start":{"line":6,"column":2},"end":{"line":6,"column":null}},"loc":{"start":{"line":10,"column":2},"end":{"line":35,"column":3}}},"1":{"name":"(anonymous_1)","decl":{"start":{"line":10,"column":2},"end":{"line":10,"column":3}},"loc":{"start":{"line":10,"column":54},"end":{"line":35,"column":3}}},"2":{"name":"(anonymous_2)","decl":{"start":{"line":18,"column":13},"end":{"line":18,"column":14}},"loc":{"start":{"line":18,"column":20},"end":{"line":18,"column":51}}}},"branchMap":{"0":{"loc":{"start":{"line":8,"column":4},"end":{"line":8,"column":58}},"type":"default-arg","locations":[{"start":{"line":8,"column":52},"end":{"line":8,"column":58}}]},"1":{"loc":{"start":{"line":16,"column":4},"end":{"line":26,"column":5}},"type":"if","locations":[{"start":{"line":16,"column":4},"end":{"line":26,"column":5}},{"start":{},"end":{}}]},"2":{"loc":{"start":{"line":23,"column":10},"end":{"line":23,"column":51}},"type":"binary-expr","locations":[{"start":{"line":23,"column":10},"end":{"line":23,"column":17}},{"start":{"line":23,"column":21},"end":{"line":23,"column":51}}]},"3":{"loc":{"start":{"line":28,"column":4},"end":{"line":32,"column":5}},"type":"if","locations":[{"start":{"line":28,"column":4},"end":{"line":32,"column":5}},{"start":{"line":30,"column":11},"end":{"line":32,"column":5}}]}},"s":{"0":4,"1":4,"2":68,"3":27,"4":27,"5":3,"6":4,"7":3,"8":24,"9":3,"10":21,"11":24,"12":4},"f":{"0":68,"1":27,"2":4},"b":{"0":[36],"1":[3,24],"2":[3,0],"3":[3,21]}}
,"/home/ahmed/Desktop/playground/nodejs-test/project-task-management-system/src/modules/auth/auth.controller.ts": {"path":"/home/ahmed/Desktop/playground/nodejs-test/project-task-management-system/src/modules/auth/auth.controller.ts","statementMap":{"0":{"start":{"line":2,"column":0},"end":{"line":2,"column":60}},"1":{"start":{"line":3,"column":0},"end":{"line":3,"column":59}},"2":{"start":{"line":4,"column":0},"end":{"line":4,"column":41}},"3":{"start":{"line":11,"column":4},"end":{"line":11,"column":37}},"4":{"start":{"line":14,"column":24},"end":{"line":22,"column":3}},"5":{"start":{"line":15,"column":42},"end":{"line":17,"column":null}},"6":{"start":{"line":20,"column":4},"end":{"line":20,"column":53}},"7":{"start":{"line":21,"column":4},"end":{"line":21,"column":81}},"8":{"start":{"line":24,"column":31},"end":{"line":28,"column":3}},"9":{"start":{"line":25,"column":42},"end":{"line":25,"column":99}},"10":{"start":{"line":26,"column":4},"end":{"line":26,"column":53}},"11":{"start":{"line":27,"column":4},"end":{"line":27,"column":89}},"12":{"start":{"line":30,"column":25},"end":{"line":34,"column":3}},"13":{"start":{"line":31,"column":4},"end":{"line":31,"column":56}},"14":{"start":{"line":32,"column":4},"end":{"line":32,"column":41}},"15":{"start":{"line":33,"column":4},"end":{"line":33,"column":51}},"16":{"start":{"line":37,"column":0},"end":{"line":37,"column":30}}},"fnMap":{"0":{"name":"(anonymous_1)","decl":{"start":{"line":10,"column":2},"end":{"line":10,"column":null}},"loc":{"start":{"line":10,"column":2},"end":{"line":12,"column":3}}},"1":{"name":"(anonymous_2)","decl":{"start":{"line":14,"column":24},"end":{"line":14,"column":29}},"loc":{"start":{"line":14,"column":62},"end":{"line":22,"column":3}}},"2":{"name":"(anonymous_3)","decl":{"start":{"line":24,"column":31},"end":{"line":24,"column":36}},"loc":{"start":{"line":24,"column":69},"end":{"line":28,"column":3}}},"3":{"name":"(anonymous_4)","decl":{"start":{"line":30,"column":25},"end":{"line":30,"column":30}},"loc":{"start":{"line":30,"column":63},"end":{"line":34,"column":3}}}},"branchMap":{},"s":{"0":4,"1":4,"2":4,"3":4,"4":4,"5":3,"6":2,"7":2,"8":4,"9":1,"10":1,"11":1,"12":4,"13":1,"14":1,"15":1,"16":4},"f":{"0":4,"1":3,"2":1,"3":1},"b":{}}
,"/home/ahmed/Desktop/playground/nodejs-test/project-task-management-system/src/modules/auth/auth.routes.ts": {"path":"/home/ahmed/Desktop/playground/nodejs-test/project-task-management-system/src/modules/auth/auth.routes.ts","statementMap":{"0":{"start":{"line":1,"column":0},"end":{"line":1,"column":33}},"1":{"start":{"line":2,"column":0},"end":{"line":2,"column":58}},"2":{"start":{"line":3,"column":0},"end":{"line":3,"column":79}},"3":{"start":{"line":4,"column":0},"end":{"line":4,"column":68}},"4":{"start":{"line":5,"column":0},"end":{"line":5,"column":47}},"5":{"start":{"line":6,"column":0},"end":{"line":6,"column":45}},"6":{"start":{"line":7,"column":0},"end":{"line":7,"column":61}},"7":{"start":{"line":10,"column":35},"end":{"line":10,"column":43}},"8":{"start":{"line":11,"column":48},"end":{"line":11,"column":68}},"9":{"start":{"line":14,"column":4},"end":{"line":14,"column":28}},"10":{"start":{"line":18,"column":4},"end":{"line":22,"column":6}},"11":{"start":{"line":24,"column":4},"end":{"line":28,"column":6}},"12":{"start":{"line":30,"column":4},"end":{"line":34,"column":6}},"13":{"start":{"line":40,"column":0},"end":{"line":40,"column":null}}},"fnMap":{"0":{"name":"(anonymous_1)","decl":{"start":{"line":13,"column":2},"end":{"line":13,"column":null}},"loc":{"start":{"line":13,"column":2},"end":{"line":15,"column":3}}},"1":{"name":"(anonymous_2)","decl":{"start":{"line":17,"column":10},"end":{"line":17,"column":26}},"loc":{"start":{"line":17,"column":26},"end":{"line":36,"column":3}}}},"branchMap":{},"s":{"0":4,"1":4,"2":4,"3":4,"4":4,"5":4,"6":4,"7":4,"8":4,"9":4,"10":4,"11":4,"12":4,"13":4},"f":{"0":4,"1":4},"b":{}}
,"/home/ahmed/Desktop/playground/nodejs-test/project-task-management-system/src/modules/auth/auth.service.ts": {"path":"/home/ahmed/Desktop/playground/nodejs-test/project-task-management-system/src/modules/auth/auth.service.ts","statementMap":{"0":{"start":{"line":1,"column":0},"end":{"line":1,"column":56}},"1":{"start":{"line":2,"column":0},"end":{"line":2,"column":47}},"2":{"start":{"line":3,"column":0},"end":{"line":3,"column":70}},"3":{"start":{"line":4,"column":0},"end":{"line":4,"column":57}},"4":{"start":{"line":10,"column":17},"end":{"line":10,"column":75}},"5":{"start":{"line":11,"column":4},"end":{"line":11,"column":70}},"6":{"start":{"line":11,"column":15},"end":{"line":11,"column":70}},"7":{"start":{"line":13,"column":28},"end":{"line":13,"column":80}},"8":{"start":{"line":14,"column":4},"end":{"line":14,"column":81}},"9":{"start":{"line":14,"column":26},"end":{"line":14,"column":81}},"10":{"start":{"line":16,"column":42},"end":{"line":20,"column":6}},"11":{"start":{"line":22,"column":31},"end":{"line":22,"column":61}},"12":{"start":{"line":23,"column":4},"end":{"line":26,"column":7}},"13":{"start":{"line":28,"column":4},"end":{"line":28,"column":41}},"14":{"start":{"line":33,"column":19},"end":{"line":33,"column":26}},"15":{"start":{"line":34,"column":17},"end":{"line":34,"column":40}},"16":{"start":{"line":35,"column":4},"end":{"line":35,"column":57}},"17":{"start":{"line":35,"column":15},"end":{"line":35,"column":57}},"18":{"start":{"line":36,"column":4},"end":{"line":36,"column":77}},"19":{"start":{"line":36,"column":35},"end":{"line":36,"column":77}},"20":{"start":{"line":38,"column":42},"end":{"line":42,"column":6}},"21":{"start":{"line":44,"column":31},"end":{"line":44,"column":61}},"22":{"start":{"line":45,"column":4},"end":{"line":47,"column":7}},"23":{"start":{"line":49,"column":4},"end":{"line":49,"column":41}},"24":{"start":{"line":53,"column":19},"end":{"line":53,"column":26}},"25":{"start":{"line":54,"column":17},"end":{"line":54,"column":40}},"26":{"start":{"line":55,"column":4},"end":{"line":55,"column":57}},"27":{"start":{"line":55,"column":15},"end":{"line":55,"column":57}},"28":{"start":{"line":56,"column":4},"end":{"line":56,"column":77}},"29":{"start":{"line":56,"column":35},"end":{"line":56,"column":77}},"30":{"start":{"line":58,"column":4},"end":{"line":58,"column":46}},"31":{"start":{"line":64,"column":0},"end":{"line":64,"column":27}}},"fnMap":{"0":{"name":"(anonymous_1)","decl":{"start":{"line":9,"column":9},"end":{"line":9,"column":14}},"loc":{"start":{"line":9,"column":52},"end":{"line":30,"column":3}}},"1":{"name":"(anonymous_2)","decl":{"start":{"line":32,"column":9},"end":{"line":32,"column":14}},"loc":{"start":{"line":32,"column":49},"end":{"line":50,"column":3}}},"2":{"name":"(anonymous_3)","decl":{"start":{"line":52,"column":9},"end":{"line":52,"column":14}},"loc":{"start":{"line":52,"column":43},"end":{"line":60,"column":3}}}},"branchMap":{"0":{"loc":{"start":{"line":11,"column":4},"end":{"line":11,"column":70}},"type":"if","locations":[{"start":{"line":11,"column":4},"end":{"line":11,"column":70}},{"start":{},"end":{}}]},"1":{"loc":{"start":{"line":14,"column":4},"end":{"line":14,"column":81}},"type":"if","locations":[{"start":{"line":14,"column":4},"end":{"line":14,"column":81}},{"start":{},"end":{}}]},"2":{"loc":{"start":{"line":35,"column":4},"end":{"line":35,"column":57}},"type":"if","locations":[{"start":{"line":35,"column":4},"end":{"line":35,"column":57}},{"start":{},"end":{}}]},"3":{"loc":{"start":{"line":36,"column":4},"end":{"line":36,"column":77}},"type":"if","locations":[{"start":{"line":36,"column":4},"end":{"line":36,"column":77}},{"start":{},"end":{}}]},"4":{"loc":{"start":{"line":55,"column":4},"end":{"line":55,"column":57}},"type":"if","locations":[{"start":{"line":55,"column":4},"end":{"line":55,"column":57}},{"start":{},"end":{}}]},"5":{"loc":{"start":{"line":56,"column":4},"end":{"line":56,"column":77}},"type":"if","locations":[{"start":{"line":56,"column":4},"end":{"line":56,"column":77}},{"start":{},"end":{}}]}},"s":{"0":5,"1":5,"2":5,"3":5,"4":6,"5":6,"6":2,"7":4,"8":4,"9":1,"10":3,"11":3,"12":3,"13":3,"14":4,"15":4,"16":4,"17":1,"18":3,"19":1,"20":2,"21":2,"22":2,"23":2,"24":3,"25":3,"26":3,"27":1,"28":2,"29":0,"30":2,"31":5},"f":{"0":6,"1":4,"2":3},"b":{"0":[2,4],"1":[1,3],"2":[1,3],"3":[1,2],"4":[1,2],"5":[0,2]}}
,"/home/ahmed/Desktop/playground/nodejs-test/project-task-management-system/src/modules/auth/passport.ts": {"path":"/home/ahmed/Desktop/playground/nodejs-test/project-task-management-system/src/modules/auth/passport.ts","statementMap":{"0":{"start":{"line":1,"column":0},"end":{"line":1,"column":32}},"1":{"start":{"line":2,"column":0},"end":{"line":2,"column":66}},"2":{"start":{"line":3,"column":0},"end":{"line":3,"column":61}},"3":{"start":{"line":5,"column":0},"end":{"line":5,"column":56}},"4":{"start":{"line":6,"column":0},"end":{"line":6,"column":58}},"5":{"start":{"line":7,"column":0},"end":{"line":7,"column":57}},"6":{"start":{"line":10,"column":0},"end":{"line":20,"column":2}},"7":{"start":{"line":13,"column":4},"end":{"line":18,"column":5}},"8":{"start":{"line":14,"column":22},"end":{"line":14,"column":59}},"9":{"start":{"line":15,"column":6},"end":{"line":15,"column":33}},"10":{"start":{"line":17,"column":6},"end":{"line":17,"column":31}},"11":{"start":{"line":22,"column":0},"end":{"line":54,"column":2}},"12":{"start":{"line":25,"column":4},"end":{"line":52,"column":5}},"13":{"start":{"line":26,"column":27},"end":{"line":26,"column":51}},"14":{"start":{"line":28,"column":6},"end":{"line":30,"column":7}},"15":{"start":{"line":29,"column":8},"end":{"line":29,"column":33}},"16":{"start":{"line":32,"column":22},"end":{"line":32,"column":67}},"17":{"start":{"line":34,"column":19},"end":{"line":34,"column":50}},"18":{"start":{"line":35,"column":6},"end":{"line":37,"column":7}},"19":{"start":{"line":36,"column":8},"end":{"line":36,"column":33}},"20":{"start":{"line":39,"column":25},"end":{"line":39,"column":53}},"21":{"start":{"line":40,"column":6},"end":{"line":42,"column":7}},"22":{"start":{"line":41,"column":8},"end":{"line":41,"column":33}},"23":{"start":{"line":44,"column":22},"end":{"line":44,"column":64}},"24":{"start":{"line":45,"column":6},"end":{"line":47,"column":7}},"25":{"start":{"line":46,"column":8},"end":{"line":46,"column":33}},"26":{"start":{"line":49,"column":6},"end":{"line":49,"column":33}},"27":{"start":{"line":51,"column":6},"end":{"line":51,"column":31}},"28":{"start":{"line":56,"column":0},"end":{"line":56,"column":24}}},"fnMap":{"0":{"name":"(anonymous_1)","decl":{"start":{"line":12,"column":21},"end":{"line":12,"column":22}},"loc":{"start":{"line":12,"column":37},"end":{"line":19,"column":3}}},"1":{"name":"(anonymous_2)","decl":{"start":{"line":24,"column":21},"end":{"line":24,"column":26}},"loc":{"start":{"line":24,"column":50},"end":{"line":53,"column":3}}}},"branchMap":{"0":{"loc":{"start":{"line":28,"column":6},"end":{"line":30,"column":7}},"type":"if","locations":[{"start":{"line":28,"column":6},"end":{"line":30,"column":7}},{"start":{},"end":{}}]},"1":{"loc":{"start":{"line":35,"column":6},"end":{"line":37,"column":7}},"type":"if","locations":[{"start":{"line":35,"column":6},"end":{"line":37,"column":7}},{"start":{},"end":{}}]},"2":{"loc":{"start":{"line":35,"column":10},"end":{"line":35,"column":44}},"type":"binary-expr","locations":[{"start":{"line":35,"column":10},"end":{"line":35,"column":15}},{"start":{"line":35,"column":19},"end":{"line":35,"column":44}}]},"3":{"loc":{"start":{"line":40,"column":6},"end":{"line":42,"column":7}},"type":"if","locations":[{"start":{"line":40,"column":6},"end":{"line":42,"column":7}},{"start":{},"end":{}}]},"4":{"loc":{"start":{"line":45,"column":6},"end":{"line":47,"column":7}},"type":"if","locations":[{"start":{"line":45,"column":6},"end":{"line":47,"column":7}},{"start":{},"end":{}}]}},"s":{"0":4,"1":4,"2":4,"3":4,"4":4,"5":4,"6":4,"7":31,"8":31,"9":31,"10":0,"11":4,"12":2,"13":2,"14":2,"15":1,"16":1,"17":1,"18":1,"19":0,"20":1,"21":1,"22":0,"23":1,"24":1,"25":0,"26":1,"27":0,"28":4},"f":{"0":31,"1":2},"b":{"0":[1,1],"1":[0,1],"2":[1,1],"3":[0,1],"4":[0,1]}}
,"/home/ahmed/Desktop/playground/nodejs-test/project-task-management-system/src/modules/projects/project.controller.ts": {"path":"/home/ahmed/Desktop/playground/nodejs-test/project-task-management-system/src/modules/projects/project.controller.ts","statementMap":{"0":{"start":{"line":2,"column":0},"end":{"line":2,"column":47}},"1":{"start":{"line":3,"column":0},"end":{"line":3,"column":60}},"2":{"start":{"line":10,"column":4},"end":{"line":10,"column":40}},"3":{"start":{"line":13,"column":35},"end":{"line":16,"column":3}},"4":{"start":{"line":14,"column":4},"end":{"line":14,"column":76}},"5":{"start":{"line":15,"column":4},"end":{"line":15,"column":62}},"6":{"start":{"line":18,"column":36},"end":{"line":21,"column":3}},"7":{"start":{"line":19,"column":20},"end":{"line":19,"column":81}},"8":{"start":{"line":20,"column":4},"end":{"line":20,"column":79}},"9":{"start":{"line":23,"column":34},"end":{"line":26,"column":3}},"10":{"start":{"line":24,"column":17},"end":{"line":24,"column":62}},"11":{"start":{"line":25,"column":4},"end":{"line":25,"column":69}},"12":{"start":{"line":28,"column":32},"end":{"line":31,"column":3}},"13":{"start":{"line":29,"column":20},"end":{"line":29,"column":62}},"14":{"start":{"line":30,"column":4},"end":{"line":30,"column":71}},"15":{"start":{"line":33,"column":32},"end":{"line":36,"column":3}},"16":{"start":{"line":34,"column":4},"end":{"line":34,"column":62}},"17":{"start":{"line":35,"column":4},"end":{"line":35,"column":62}},"18":{"start":{"line":39,"column":0},"end":{"line":39,"column":33}}},"fnMap":{"0":{"name":"(anonymous_1)","decl":{"start":{"line":9,"column":2},"end":{"line":9,"column":null}},"loc":{"start":{"line":9,"column":2},"end":{"line":11,"column":3}}},"1":{"name":"(anonymous_2)","decl":{"start":{"line":13,"column":35},"end":{"line":13,"column":40}},"loc":{"start":{"line":13,"column":93},"end":{"line":16,"column":3}}},"2":{"name":"(anonymous_3)","decl":{"start":{"line":18,"column":36},"end":{"line":18,"column":41}},"loc":{"start":{"line":18,"column":94},"end":{"line":21,"column":3}}},"3":{"name":"(anonymous_4)","decl":{"start":{"line":23,"column":34},"end":{"line":23,"column":39}},"loc":{"start":{"line":23,"column":92},"end":{"line":26,"column":3}}},"4":{"name":"(anonymous_5)","decl":{"start":{"line":28,"column":32},"end":{"line":28,"column":37}},"loc":{"start":{"line":28,"column":90},"end":{"line":31,"column":3}}},"5":{"name":"(anonymous_6)","decl":{"start":{"line":33,"column":32},"end":{"line":33,"column":37}},"loc":{"start":{"line":33,"column":90},"end":{"line":36,"column":3}}}},"branchMap":{},"s":{"0":4,"1":4,"2":4,"3":4,"4":2,"5":1,"6":4,"7":2,"8":1,"9":4,"10":1,"11":1,"12":4,"13":1,"14":1,"15":4,"16":1,"17":1,"18":4},"f":{"0":4,"1":2,"2":2,"3":1,"4":1,"5":1},"b":{}}
,"/home/ahmed/Desktop/playground/nodejs-test/project-task-management-system/src/modules/projects/project.routes.ts": {"path":"/home/ahmed/Desktop/playground/nodejs-test/project-task-management-system/src/modules/projects/project.routes.ts","statementMap":{"0":{"start":{"line":1,"column":0},"end":{"line":1,"column":33}},"1":{"start":{"line":2,"column":0},"end":{"line":2,"column":61}},"2":{"start":{"line":3,"column":0},"end":{"line":3,"column":52}},"3":{"start":{"line":4,"column":0},"end":{"line":4,"column":51}},"4":{"start":{"line":5,"column":0},"end":{"line":5,"column":68}},"5":{"start":{"line":6,"column":0},"end":{"line":6,"column":58}},"6":{"start":{"line":7,"column":0},"end":{"line":7,"column":53}},"7":{"start":{"line":10,"column":35},"end":{"line":10,"column":43}},"8":{"start":{"line":11,"column":51},"end":{"line":11,"column":74}},"9":{"start":{"line":14,"column":4},"end":{"line":14,"column":28}},"10":{"start":{"line":18,"column":4},"end":{"line":24,"column":null}},"11":{"start":{"line":26,"column":4},"end":{"line":31,"column":null}},"12":{"start":{"line":33,"column":4},"end":{"line":38,"column":null}},"13":{"start":{"line":40,"column":4},"end":{"line":46,"column":null}},"14":{"start":{"line":48,"column":4},"end":{"line":54,"column":null}},"15":{"start":{"line":58,"column":0},"end":{"line":58,"column":29}}},"fnMap":{"0":{"name":"(anonymous_1)","decl":{"start":{"line":13,"column":2},"end":{"line":13,"column":null}},"loc":{"start":{"line":13,"column":2},"end":{"line":15,"column":3}}},"1":{"name":"(anonymous_2)","decl":{"start":{"line":17,"column":10},"end":{"line":17,"column":26}},"loc":{"start":{"line":17,"column":26},"end":{"line":55,"column":3}}}},"branchMap":{},"s":{"0":4,"1":4,"2":4,"3":4,"4":4,"5":4,"6":4,"7":4,"8":4,"9":4,"10":4,"11":4,"12":4,"13":4,"14":4,"15":4},"f":{"0":4,"1":4},"b":{}}
,"/home/ahmed/Desktop/playground/nodejs-test/project-task-management-system/src/modules/projects/project.service.ts": {"path":"/home/ahmed/Desktop/playground/nodejs-test/project-task-management-system/src/modules/projects/project.service.ts","statementMap":{"0":{"start":{"line":1,"column":0},"end":{"line":1,"column":45}},"1":{"start":{"line":2,"column":0},"end":{"line":2,"column":62}},"2":{"start":{"line":3,"column":0},"end":{"line":3,"column":47}},"3":{"start":{"line":6,"column":0},"end":{"line":6,"column":56}},"4":{"start":{"line":7,"column":0},"end":{"line":7,"column":56}},"5":{"start":{"line":12,"column":28},"end":{"line":16,"column":6}},"6":{"start":{"line":17,"column":4},"end":{"line":19,"column":5}},"7":{"start":{"line":18,"column":6},"end":{"line":18,"column":74}},"8":{"start":{"line":20,"column":20},"end":{"line":24,"column":6}},"9":{"start":{"line":25,"column":4},"end":{"line":25,"column":19}},"10":{"start":{"line":29,"column":78},"end":{"line":29,"column":83}},"11":{"start":{"line":30,"column":19},"end":{"line":30,"column":38}},"12":{"start":{"line":32,"column":32},"end":{"line":39,"column":6}},"13":{"start":{"line":41,"column":28},"end":{"line":66,"column":6}},"14":{"start":{"line":68,"column":4},"end":{"line":73,"column":null}},"15":{"start":{"line":77,"column":47},"end":{"line":77,"column":50}},"16":{"start":{"line":78,"column":37},"end":{"line":86,"column":6}},"17":{"start":{"line":88,"column":4},"end":{"line":90,"column":5}},"18":{"start":{"line":89,"column":6},"end":{"line":89,"column":51}},"19":{"start":{"line":92,"column":4},"end":{"line":94,"column":5}},"20":{"start":{"line":93,"column":6},"end":{"line":93,"column":74}},"21":{"start":{"line":96,"column":4},"end":{"line":98,"column":5}},"22":{"start":{"line":97,"column":6},"end":{"line":97,"column":78}},"23":{"start":{"line":100,"column":25},"end":{"line":104,"column":null}},"24":{"start":{"line":106,"column":4},"end":{"line":106,"column":41}},"25":{"start":{"line":111,"column":20},"end":{"line":111,"column":46}},"26":{"start":{"line":112,"column":4},"end":{"line":114,"column":5}},"27":{"start":{"line":113,"column":6},"end":{"line":113,"column":51}},"28":{"start":{"line":115,"column":4},"end":{"line":117,"column":5}},"29":{"start":{"line":116,"column":6},"end":{"line":116,"column":62}},"30":{"start":{"line":118,"column":4},"end":{"line":118,"column":46}},"31":{"start":{"line":120,"column":4},"end":{"line":120,"column":67}},"32":{"start":{"line":124,"column":20},"end":{"line":144,"column":6}},"33":{"start":{"line":145,"column":4},"end":{"line":147,"column":5}},"34":{"start":{"line":146,"column":6},"end":{"line":146,"column":51}},"35":{"start":{"line":148,"column":4},"end":{"line":148,"column":19}},"36":{"start":{"line":152,"column":0},"end":{"line":152,"column":30}}},"fnMap":{"0":{"name":"(anonymous_0)","decl":{"start":{"line":11,"column":9},"end":{"line":11,"column":14}},"loc":{"start":{"line":11,"column":73},"end":{"line":26,"column":3}}},"1":{"name":"(anonymous_1)","decl":{"start":{"line":28,"column":9},"end":{"line":28,"column":14}},"loc":{"start":{"line":28,"column":41},"end":{"line":74,"column":3}}},"2":{"name":"(anonymous_2)","decl":{"start":{"line":76,"column":9},"end":{"line":76,"column":14}},"loc":{"start":{"line":76,"column":50},"end":{"line":108,"column":3}}},"3":{"name":"(anonymous_3)","decl":{"start":{"line":110,"column":9},"end":{"line":110,"column":14}},"loc":{"start":{"line":110,"column":39},"end":{"line":121,"column":3}}},"4":{"name":"(anonymous_4)","decl":{"start":{"line":123,"column":9},"end":{"line":123,"column":14}},"loc":{"start":{"line":123,"column":43},"end":{"line":149,"column":3}}}},"branchMap":{"0":{"loc":{"start":{"line":17,"column":4},"end":{"line":19,"column":5}},"type":"if","locations":[{"start":{"line":17,"column":4},"end":{"line":19,"column":5}},{"start":{},"end":{}}]},"1":{"loc":{"start":{"line":29,"column":18},"end":{"line":29,"column":28}},"type":"default-arg","locations":[{"start":{"line":29,"column":26},"end":{"line":29,"column":28}}]},"2":{"loc":{"start":{"line":29,"column":30},"end":{"line":29,"column":50}},"type":"default-arg","locations":[{"start":{"line":29,"column":39},"end":{"line":29,"column":50}}]},"3":{"loc":{"start":{"line":29,"column":52},"end":{"line":29,"column":65}},"type":"default-arg","locations":[{"start":{"line":29,"column":59},"end":{"line":29,"column":65}}]},"4":{"loc":{"start":{"line":34,"column":10},"end":{"line":38,"column":8}},"type":"binary-expr","locations":[{"start":{"line":34,"column":10},"end":{"line":34,"column":16}},{"start":{"line":34,"column":20},"end":{"line":38,"column":8}}]},"5":{"loc":{"start":{"line":80,"column":6},"end":{"line":85,"column":15}},"type":"cond-expr","locations":[{"start":{"line":80,"column":14},"end":{"line":85,"column":8}},{"start":{"line":85,"column":11},"end":{"line":85,"column":15}}]},"6":{"loc":{"start":{"line":88,"column":4},"end":{"line":90,"column":5}},"type":"if","locations":[{"start":{"line":88,"column":4},"end":{"line":90,"column":5}},{"start":{},"end":{}}]},"7":{"loc":{"start":{"line":92,"column":4},"end":{"line":94,"column":5}},"type":"if","locations":[{"start":{"line":92,"column":4},"end":{"line":94,"column":5}},{"start":{},"end":{}}]},"8":{"loc":{"start":{"line":92,"column":7},"end":{"line":92,"column":29}},"type":"binary-expr","locations":[{"start":{"line":92,"column":7},"end":{"line":92,"column":12}},{"start":{"line":92,"column":16},"end":{"line":92,"column":29}}]},"9":{"loc":{"start":{"line":96,"column":4},"end":{"line":98,"column":5}},"type":"if","locations":[{"start":{"line":96,"column":4},"end":{"line":98,"column":5}},{"start":{},"end":{}}]},"10":{"loc":{"start":{"line":96,"column":7},"end":{"line":96,"column":82}},"type":"binary-expr","locations":[{"start":{"line":96,"column":7},"end":{"line":96,"column":13}},{"start":{"line":96,"column":17},"end":{"line":96,"column":39}},{"start":{"line":96,"column":43},"end":{"line":96,"column":82}}]},"11":{"loc":{"start":{"line":101,"column":10},"end":{"line":101,"column":28}},"type":"binary-expr","locations":[{"start":{"line":101,"column":10},"end":{"line":101,"column":15}},{"start":{"line":101,"column":19},"end":{"line":101,"column":28}}]},"12":{"loc":{"start":{"line":102,"column":10},"end":{"line":102,"column":40}},"type":"binary-expr","locations":[{"start":{"line":102,"column":10},"end":{"line":102,"column":21}},{"start":{"line":102,"column":25},"end":{"line":102,"column":40}}]},"13":{"loc":{"start":{"line":103,"column":10},"end":{"line":103,"column":30}},"type":"binary-expr","locations":[{"start":{"line":103,"column":10},"end":{"line":103,"column":16}},{"start":{"line":103,"column":20},"end":{"line":103,"column":30}}]},"14":{"loc":{"start":{"line":112,"column":4},"end":{"line":114,"column":5}},"type":"if","locations":[{"start":{"line":112,"column":4},"end":{"line":114,"column":5}},{"start":{},"end":{}}]},"15":{"loc":{"start":{"line":115,"column":4},"end":{"line":117,"column":5}},"type":"if","locations":[{"start":{"line":115,"column":4},"end":{"line":117,"column":5}},{"start":{},"end":{}}]},"16":{"loc":{"start":{"line":145,"column":4},"end":{"line":147,"column":5}},"type":"if","locations":[{"start":{"line":145,"column":4},"end":{"line":147,"column":5}},{"start":{},"end":{}}]}},"s":{"0":5,"1":5,"2":5,"3":5,"4":5,"5":4,"6":4,"7":2,"8":2,"9":2,"10":2,"11":2,"12":2,"13":2,"14":2,"15":5,"16":5,"17":5,"18":1,"19":4,"20":1,"21":3,"22":1,"23":2,"24":2,"25":4,"26":4,"27":1,"28":3,"29":1,"30":2,"31":2,"32":4,"33":4,"34":2,"35":2,"36":5},"f":{"0":4,"1":2,"2":5,"3":4,"4":4},"b":{"0":[2,2],"1":[1],"2":[2],"3":[2],"4":[2,0],"5":[4,1],"6":[1,4],"7":[1,3],"8":[4,3],"9":[1,2],"10":[3,1,1],"11":[2,2],"12":[2,0],"13":[2,0],"14":[1,3],"15":[1,2],"16":[2,2]}}
,"/home/ahmed/Desktop/playground/nodejs-test/project-task-management-system/src/modules/tasks/task.controller.ts": {"path":"/home/ahmed/Desktop/playground/nodejs-test/project-task-management-system/src/modules/tasks/task.controller.ts","statementMap":{"0":{"start":{"line":2,"column":0},"end":{"line":2,"column":41}},"1":{"start":{"line":4,"column":0},"end":{"line":4,"column":60}},"2":{"start":{"line":10,"column":4},"end":{"line":10,"column":37}},"3":{"start":{"line":13,"column":32},"end":{"line":16,"column":3}},"4":{"start":{"line":14,"column":4},"end":{"line":14,"column":73}},"5":{"start":{"line":15,"column":4},"end":{"line":15,"column":59}},"6":{"start":{"line":18,"column":29},"end":{"line":21,"column":3}},"7":{"start":{"line":19,"column":17},"end":{"line":19,"column":56}},"8":{"start":{"line":20,"column":4},"end":{"line":20,"column":65}},"9":{"start":{"line":23,"column":29},"end":{"line":26,"column":3}},"10":{"start":{"line":24,"column":17},"end":{"line":24,"column":56}},"11":{"start":{"line":25,"column":4},"end":{"line":25,"column":66}},"12":{"start":{"line":28,"column":31},"end":{"line":31,"column":3}},"13":{"start":{"line":29,"column":17},"end":{"line":29,"column":59}},"14":{"start":{"line":30,"column":4},"end":{"line":30,"column":66}},"15":{"start":{"line":33,"column":33},"end":{"line":36,"column":3}},"16":{"start":{"line":34,"column":17},"end":{"line":34,"column":75}},"17":{"start":{"line":35,"column":4},"end":{"line":35,"column":73}},"18":{"start":{"line":38,"column":29},"end":{"line":41,"column":3}},"19":{"start":{"line":39,"column":4},"end":{"line":39,"column":59}},"20":{"start":{"line":40,"column":4},"end":{"line":40,"column":59}},"21":{"start":{"line":43,"column":31},"end":{"line":46,"column":3}},"22":{"start":{"line":44,"column":17},"end":{"line":44,"column":84}},"23":{"start":{"line":45,"column":4},"end":{"line":45,"column":72}},"24":{"start":{"line":49,"column":0},"end":{"line":49,"column":30}}},"fnMap":{"0":{"name":"(anonymous_1)","decl":{"start":{"line":9,"column":2},"end":{"line":9,"column":null}},"loc":{"start":{"line":9,"column":2},"end":{"line":11,"column":3}}},"1":{"name":"(anonymous_2)","decl":{"start":{"line":13,"column":32},"end":{"line":13,"column":37}},"loc":{"start":{"line":13,"column":90},"end":{"line":16,"column":3}}},"2":{"name":"(anonymous_3)","decl":{"start":{"line":18,"column":29},"end":{"line":18,"column":34}},"loc":{"start":{"line":18,"column":87},"end":{"line":21,"column":3}}},"3":{"name":"(anonymous_4)","decl":{"start":{"line":23,"column":29},"end":{"line":23,"column":34}},"loc":{"start":{"line":23,"column":87},"end":{"line":26,"column":3}}},"4":{"name":"(anonymous_5)","decl":{"start":{"line":28,"column":31},"end":{"line":28,"column":36}},"loc":{"start":{"line":28,"column":89},"end":{"line":31,"column":3}}},"5":{"name":"(anonymous_6)","decl":{"start":{"line":33,"column":33},"end":{"line":33,"column":38}},"loc":{"start":{"line":33,"column":91},"end":{"line":36,"column":3}}},"6":{"name":"(anonymous_7)","decl":{"start":{"line":38,"column":29},"end":{"line":38,"column":34}},"loc":{"start":{"line":38,"column":87},"end":{"line":41,"column":3}}},"7":{"name":"(anonymous_8)","decl":{"start":{"line":43,"column":31},"end":{"line":43,"column":36}},"loc":{"start":{"line":43,"column":89},"end":{"line":46,"column":3}}}},"branchMap":{},"s":{"0":4,"1":4,"2":4,"3":4,"4":1,"5":1,"6":4,"7":1,"8":1,"9":4,"10":1,"11":1,"12":4,"13":1,"14":1,"15":4,"16":2,"17":1,"18":4,"19":1,"20":1,"21":4,"22":2,"23":1,"24":4},"f":{"0":4,"1":1,"2":1,"3":1,"4":1,"5":2,"6":1,"7":2},"b":{}}
,"/home/ahmed/Desktop/playground/nodejs-test/project-task-management-system/src/modules/tasks/task.routes.ts": {"path":"/home/ahmed/Desktop/playground/nodejs-test/project-task-management-system/src/modules/tasks/task.routes.ts","statementMap":{"0":{"start":{"line":1,"column":0},"end":{"line":1,"column":33}},"1":{"start":{"line":2,"column":0},"end":{"line":2,"column":61}},"2":{"start":{"line":3,"column":0},"end":{"line":3,"column":52}},"3":{"start":{"line":4,"column":0},"end":{"line":4,"column":58}},"4":{"start":{"line":5,"column":0},"end":{"line":5,"column":68}},"5":{"start":{"line":6,"column":0},"end":{"line":6,"column":47}},"6":{"start":{"line":7,"column":0},"end":{"line":7,"column":45}},"7":{"start":{"line":10,"column":35},"end":{"line":10,"column":43}},"8":{"start":{"line":11,"column":48},"end":{"line":11,"column":68}},"9":{"start":{"line":14,"column":4},"end":{"line":14,"column":28}},"10":{"start":{"line":18,"column":4},"end":{"line":24,"column":null}},"11":{"start":{"line":26,"column":4},"end":{"line":32,"column":null}},"12":{"start":{"line":34,"column":4},"end":{"line":40,"column":null}},"13":{"start":{"line":42,"column":4},"end":{"line":47,"column":null}},"14":{"start":{"line":49,"column":4},"end":{"line":54,"column":null}},"15":{"start":{"line":56,"column":4},"end":{"line":61,"column":null}},"16":{"start":{"line":63,"column":4},"end":{"line":69,"column":null}},"17":{"start":{"line":73,"column":0},"end":{"line":73,"column":26}}},"fnMap":{"0":{"name":"(anonymous_1)","decl":{"start":{"line":13,"column":2},"end":{"line":13,"column":null}},"loc":{"start":{"line":13,"column":2},"end":{"line":15,"column":3}}},"1":{"name":"(anonymous_2)","decl":{"start":{"line":17,"column":10},"end":{"line":17,"column":26}},"loc":{"start":{"line":17,"column":26},"end":{"line":70,"column":3}}}},"branchMap":{},"s":{"0":4,"1":4,"2":4,"3":4,"4":4,"5":4,"6":4,"7":4,"8":4,"9":4,"10":4,"11":4,"12":4,"13":4,"14":4,"15":4,"16":4,"17":4},"f":{"0":4,"1":4},"b":{}}
,"/home/ahmed/Desktop/playground/nodejs-test/project-task-management-system/src/modules/tasks/task.service.ts": {"path":"/home/ahmed/Desktop/playground/nodejs-test/project-task-management-system/src/modules/tasks/task.service.ts","statementMap":{"0":{"start":{"line":1,"column":0},"end":{"line":1,"column":45}},"1":{"start":{"line":2,"column":0},"end":{"line":2,"column":56}},"2":{"start":{"line":3,"column":0},"end":{"line":3,"column":47}},"3":{"start":{"line":5,"column":0},"end":{"line":5,"column":56}},"4":{"start":{"line":6,"column":0},"end":{"line":6,"column":62}},"5":{"start":{"line":19,"column":8},"end":{"line":19,"column":11}},"6":{"start":{"line":20,"column":25},"end":{"line":25,"column":6}},"7":{"start":{"line":26,"column":4},"end":{"line":30,"column":5}},"8":{"start":{"line":27,"column":6},"end":{"line":29,"column":8}},"9":{"start":{"line":31,"column":17},"end":{"line":40,"column":6}},"10":{"start":{"line":41,"column":4},"end":{"line":41,"column":11}},"11":{"start":{"line":45,"column":66},"end":{"line":45,"column":69}},"12":{"start":{"line":47,"column":34},"end":{"line":55,"column":6}},"13":{"start":{"line":57,"column":4},"end":{"line":59,"column":5}},"14":{"start":{"line":58,"column":6},"end":{"line":58,"column":48}},"15":{"start":{"line":61,"column":4},"end":{"line":69,"column":5}},"16":{"start":{"line":66,"column":6},"end":{"line":68,"column":8}},"17":{"start":{"line":71,"column":4},"end":{"line":73,"column":5}},"18":{"start":{"line":72,"column":6},"end":{"line":72,"column":70}},"19":{"start":{"line":75,"column":25},"end":{"line":81,"column":6}},"20":{"start":{"line":83,"column":4},"end":{"line":83,"column":38}},"21":{"start":{"line":87,"column":31},"end":{"line":87,"column":34}},"22":{"start":{"line":89,"column":25},"end":{"line":92,"column":6}},"23":{"start":{"line":94,"column":4},"end":{"line":96,"column":5}},"24":{"start":{"line":95,"column":6},"end":{"line":95,"column":48}},"25":{"start":{"line":98,"column":4},"end":{"line":100,"column":5}},"26":{"start":{"line":99,"column":6},"end":{"line":99,"column":48}},"27":{"start":{"line":102,"column":4},"end":{"line":104,"column":5}},"28":{"start":{"line":103,"column":6},"end":{"line":103,"column":78}},"29":{"start":{"line":106,"column":4},"end":{"line":106,"column":45}},"30":{"start":{"line":119,"column":8},"end":{"line":119,"column":13}},"31":{"start":{"line":120,"column":19},"end":{"line":120,"column":38}},"32":{"start":{"line":122,"column":32},"end":{"line":130,"column":6}},"33":{"start":{"line":132,"column":28},"end":{"line":155,"column":6}},"34":{"start":{"line":157,"column":4},"end":{"line":162,"column":6}},"35":{"start":{"line":166,"column":17},"end":{"line":184,"column":6}},"36":{"start":{"line":185,"column":4},"end":{"line":187,"column":5}},"37":{"start":{"line":186,"column":6},"end":{"line":186,"column":48}},"38":{"start":{"line":188,"column":4},"end":{"line":188,"column":16}},"39":{"start":{"line":192,"column":17},"end":{"line":192,"column":40}},"40":{"start":{"line":193,"column":4},"end":{"line":195,"column":5}},"41":{"start":{"line":194,"column":6},"end":{"line":194,"column":48}},"42":{"start":{"line":197,"column":4},"end":{"line":199,"column":5}},"43":{"start":{"line":198,"column":6},"end":{"line":198,"column":59}},"44":{"start":{"line":201,"column":4},"end":{"line":201,"column":43}},"45":{"start":{"line":205,"column":27},"end":{"line":205,"column":30}},"46":{"start":{"line":206,"column":17},"end":{"line":206,"column":40}},"47":{"start":{"line":207,"column":4},"end":{"line":209,"column":5}},"48":{"start":{"line":208,"column":6},"end":{"line":208,"column":48}},"49":{"start":{"line":211,"column":4},"end":{"line":213,"column":5}},"50":{"start":{"line":212,"column":6},"end":{"line":212,"column":91}},"51":{"start":{"line":215,"column":4},"end":{"line":217,"column":5}},"52":{"start":{"line":216,"column":6},"end":{"line":216,"column":70}},"53":{"start":{"line":219,"column":4},"end":{"line":219,"column":41}},"54":{"start":{"line":223,"column":0},"end":{"line":223,"column":27}}},"fnMap":{"0":{"name":"(anonymous_0)","decl":{"start":{"line":10,"column":9},"end":{"line":10,"column":14}},"loc":{"start":{"line":10,"column":70},"end":{"line":42,"column":3}}},"1":{"name":"(anonymous_1)","decl":{"start":{"line":44,"column":9},"end":{"line":44,"column":14}},"loc":{"start":{"line":44,"column":44},"end":{"line":84,"column":3}}},"2":{"name":"(anonymous_2)","decl":{"start":{"line":86,"column":9},"end":{"line":86,"column":14}},"loc":{"start":{"line":86,"column":44},"end":{"line":107,"column":3}}},"3":{"name":"(anonymous_3)","decl":{"start":{"line":109,"column":9},"end":{"line":109,"column":14}},"loc":{"start":{"line":109,"column":38},"end":{"line":163,"column":3}}},"4":{"name":"(anonymous_4)","decl":{"start":{"line":165,"column":9},"end":{"line":165,"column":14}},"loc":{"start":{"line":165,"column":40},"end":{"line":189,"column":3}}},"5":{"name":"(anonymous_5)","decl":{"start":{"line":191,"column":9},"end":{"line":191,"column":14}},"loc":{"start":{"line":191,"column":36},"end":{"line":202,"column":3}}},"6":{"name":"(anonymous_6)","decl":{"start":{"line":204,"column":9},"end":{"line":204,"column":14}},"loc":{"start":{"line":204,"column":71},"end":{"line":220,"column":3}}}},"branchMap":{"0":{"loc":{"start":{"line":26,"column":4},"end":{"line":30,"column":5}},"type":"if","locations":[{"start":{"line":26,"column":4},"end":{"line":30,"column":5}},{"start":{},"end":{}}]},"1":{"loc":{"start":{"line":37,"column":10},"end":{"line":37,"column":34}},"type":"binary-expr","locations":[{"start":{"line":37,"column":10},"end":{"line":37,"column":18}},{"start":{"line":37,"column":22},"end":{"line":37,"column":34}}]},"2":{"loc":{"start":{"line":38,"column":10},"end":{"line":38,"column":30}},"type":"binary-expr","locations":[{"start":{"line":38,"column":10},"end":{"line":38,"column":16}},{"start":{"line":38,"column":20},"end":{"line":38,"column":30}}]},"3":{"loc":{"start":{"line":39,"column":10},"end":{"line":39,"column":38}},"type":"binary-expr","locations":[{"start":{"line":39,"column":10},"end":{"line":39,"column":20}},{"start":{"line":39,"column":24},"end":{"line":39,"column":38}}]},"4":{"loc":{"start":{"line":49,"column":6},"end":{"line":54,"column":15}},"type":"cond-expr","locations":[{"start":{"line":49,"column":14},"end":{"line":54,"column":8}},{"start":{"line":54,"column":11},"end":{"line":54,"column":15}}]},"5":{"loc":{"start":{"line":57,"column":4},"end":{"line":59,"column":5}},"type":"if","locations":[{"start":{"line":57,"column":4},"end":{"line":59,"column":5}},{"start":{},"end":{}}]},"6":{"loc":{"start":{"line":61,"column":4},"end":{"line":69,"column":5}},"type":"if","locations":[{"start":{"line":61,"column":4},"end":{"line":69,"column":5}},{"start":{},"end":{}}]},"7":{"loc":{"start":{"line":62,"column":6},"end":{"line":64,"column":70}},"type":"binary-expr","locations":[{"start":{"line":62,"column":6},"end":{"line":62,"column":11}},{"start":{"line":63,"column":6},"end":{"line":63,"column":19}},{"start":{"line":64,"column":6},"end":{"line":64,"column":70}}]},"8":{"loc":{"start":{"line":71,"column":4},"end":{"line":73,"column":5}},"type":"if","locations":[{"start":{"line":71,"column":4},"end":{"line":73,"column":5}},{"start":{},"end":{}}]},"9":{"loc":{"start":{"line":71,"column":8},"end":{"line":71,"column":75}},"type":"binary-expr","locations":[{"start":{"line":71,"column":8},"end":{"line":71,"column":14}},{"start":{"line":71,"column":18},"end":{"line":71,"column":35}},{"start":{"line":71,"column":39},"end":{"line":71,"column":75}}]},"10":{"loc":{"start":{"line":76,"column":10},"end":{"line":76,"column":28}},"type":"binary-expr","locations":[{"start":{"line":76,"column":10},"end":{"line":76,"column":15}},{"start":{"line":76,"column":19},"end":{"line":76,"column":28}}]},"11":{"loc":{"start":{"line":77,"column":10},"end":{"line":77,"column":40}},"type":"binary-expr","locations":[{"start":{"line":77,"column":10},"end":{"line":77,"column":21}},{"start":{"line":77,"column":25},"end":{"line":77,"column":40}}]},"12":{"loc":{"start":{"line":78,"column":10},"end":{"line":78,"column":30}},"type":"binary-expr","locations":[{"start":{"line":78,"column":10},"end":{"line":78,"column":16}},{"start":{"line":78,"column":20},"end":{"line":78,"column":30}}]},"13":{"loc":{"start":{"line":79,"column":10},"end":{"line":79,"column":34}},"type":"binary-expr","locations":[{"start":{"line":79,"column":10},"end":{"line":79,"column":18}},{"start":{"line":79,"column":22},"end":{"line":79,"column":34}}]},"14":{"loc":{"start":{"line":80,"column":10},"end":{"line":80,"column":51}},"type":"binary-expr","locations":[{"start":{"line":80,"column":10},"end":{"line":80,"column":17}},{"start":{"line":80,"column":21},"end":{"line":80,"column":51}}]},"15":{"loc":{"start":{"line":94,"column":4},"end":{"line":96,"column":5}},"type":"if","locations":[{"start":{"line":94,"column":4},"end":{"line":96,"column":5}},{"start":{},"end":{}}]},"16":{"loc":{"start":{"line":98,"column":4},"end":{"line":100,"column":5}},"type":"if","locations":[{"start":{"line":98,"column":4},"end":{"line":100,"column":5}},{"start":{},"end":{}}]},"17":{"loc":{"start":{"line":102,"column":4},"end":{"line":104,"column":5}},"type":"if","locations":[{"start":{"line":102,"column":4},"end":{"line":104,"column":5}},{"start":{},"end":{}}]},"18":{"loc":{"start":{"line":112,"column":6},"end":{"line":112,"column":16}},"type":"default-arg","locations":[{"start":{"line":112,"column":14},"end":{"line":112,"column":16}}]},"19":{"loc":{"start":{"line":113,"column":6},"end":{"line":113,"column":26}},"type":"default-arg","locations":[{"start":{"line":113,"column":15},"end":{"line":113,"column":26}}]},"20":{"loc":{"start":{"line":114,"column":6},"end":{"line":114,"column":19}},"type":"default-arg","locations":[{"start":{"line":114,"column":13},"end":{"line":114,"column":19}}]},"21":{"loc":{"start":{"line":124,"column":10},"end":{"line":124,"column":34}},"type":"binary-expr","locations":[{"start":{"line":124,"column":10},"end":{"line":124,"column":18}},{"start":{"line":124,"column":22},"end":{"line":124,"column":34}}]},"22":{"loc":{"start":{"line":125,"column":10},"end":{"line":125,"column":30}},"type":"binary-expr","locations":[{"start":{"line":125,"column":10},"end":{"line":125,"column":16}},{"start":{"line":125,"column":20},"end":{"line":125,"column":30}}]},"23":{"loc":{"start":{"line":126,"column":10},"end":{"line":126,"column":38}},"type":"binary-expr","locations":[{"start":{"line":126,"column":10},"end":{"line":126,"column":20}},{"start":{"line":126,"column":24},"end":{"line":126,"column":38}}]},"24":{"loc":{"start":{"line":127,"column":10},"end":{"line":129,"column":8}},"type":"binary-expr","locations":[{"start":{"line":127,"column":10},"end":{"line":127,"column":16}},{"start":{"line":127,"column":20},"end":{"line":129,"column":8}}]},"25":{"loc":{"start":{"line":185,"column":4},"end":{"line":187,"column":5}},"type":"if","locations":[{"start":{"line":185,"column":4},"end":{"line":187,"column":5}},{"start":{},"end":{}}]},"26":{"loc":{"start":{"line":185,"column":8},"end":{"line":185,"column":42}},"type":"binary-expr","locations":[{"start":{"line":185,"column":8},"end":{"line":185,"column":13}},{"start":{"line":185,"column":17},"end":{"line":185,"column":42}}]},"27":{"loc":{"start":{"line":193,"column":4},"end":{"line":195,"column":5}},"type":"if","locations":[{"start":{"line":193,"column":4},"end":{"line":195,"column":5}},{"start":{},"end":{}}]},"28":{"loc":{"start":{"line":197,"column":4},"end":{"line":199,"column":5}},"type":"if","locations":[{"start":{"line":197,"column":4},"end":{"line":199,"column":5}},{"start":{},"end":{}}]},"29":{"loc":{"start":{"line":207,"column":4},"end":{"line":209,"column":5}},"type":"if","locations":[{"start":{"line":207,"column":4},"end":{"line":209,"column":5}},{"start":{},"end":{}}]},"30":{"loc":{"start":{"line":211,"column":4},"end":{"line":213,"column":5}},"type":"if","locations":[{"start":{"line":211,"column":4},"end":{"line":213,"column":5}},{"start":{},"end":{}}]},"31":{"loc":{"start":{"line":211,"column":7},"end":{"line":211,"column":76}},"type":"binary-expr","locations":[{"start":{"line":211,"column":7},"end":{"line":211,"column":48}},{"start":{"line":211,"column":52},"end":{"line":211,"column":76}}]},"32":{"loc":{"start":{"line":215,"column":4},"end":{"line":217,"column":5}},"type":"if","locations":[{"start":{"line":215,"column":4},"end":{"line":217,"column":5}},{"start":{},"end":{}}]},"33":{"loc":{"start":{"line":215,"column":8},"end":{"line":215,"column":65}},"type":"binary-expr","locations":[{"start":{"line":215,"column":8},"end":{"line":215,"column":25}},{"start":{"line":215,"column":29},"end":{"line":215,"column":65}}]}},"s":{"0":5,"1":5,"2":5,"3":5,"4":5,"5":3,"6":3,"7":3,"8":1,"9":2,"10":2,"11":4,"12":4,"13":4,"14":1,"15":3,"16":0,"17":3,"18":1,"19":2,"20":2,"21":5,"22":5,"23":5,"24":1,"25":4,"26":1,"27":3,"28":1,"29":2,"30":2,"31":2,"32":2,"33":2,"34":2,"35":4,"36":4,"37":2,"38":2,"39":3,"40":3,"41":0,"42":3,"43":1,"44":2,"45":5,"46":5,"47":5,"48":0,"49":5,"50":2,"51":3,"52":1,"53":2,"54":5},"f":{"0":3,"1":4,"2":5,"3":2,"4":4,"5":3,"6":5},"b":{"0":[1,2],"1":[2,2],"2":[2,0],"3":[2,0],"4":[3,1],"5":[1,3],"6":[0,3],"7":[3,2,0],"8":[1,2],"9":[3,1,1],"10":[2,2],"11":[2,0],"12":[2,0],"13":[2,0],"14":[2,0],"15":[1,4],"16":[1,3],"17":[1,2],"18":[1],"19":[2],"20":[2],"21":[2,0],"22":[2,0],"23":[2,0],"24":[2,0],"25":[2,2],"26":[4,3],"27":[0,3],"28":[1,2],"29":[0,5],"30":[2,3],"31":[5,2],"32":[1,2],"33":[3,3]}}
,"/home/ahmed/Desktop/playground/nodejs-test/project-task-management-system/src/modules/users/user.controller.ts": {"path":"/home/ahmed/Desktop/playground/nodejs-test/project-task-management-system/src/modules/users/user.controller.ts","statementMap":{"0":{"start":{"line":2,"column":0},"end":{"line":2,"column":41}},"1":{"start":{"line":3,"column":0},"end":{"line":3,"column":60}},"2":{"start":{"line":10,"column":6},"end":{"line":10,"column":null}},"3":{"start":{"line":13,"column":32},"end":{"line":16,"column":3}},"4":{"start":{"line":14,"column":4},"end":{"line":14,"column":47}},"5":{"start":{"line":15,"column":4},"end":{"line":15,"column":59}},"6":{"start":{"line":18,"column":33},"end":{"line":21,"column":3}},"7":{"start":{"line":19,"column":17},"end":{"line":19,"column":75}},"8":{"start":{"line":20,"column":4},"end":{"line":20,"column":73}},"9":{"start":{"line":23,"column":31},"end":{"line":26,"column":3}},"10":{"start":{"line":24,"column":17},"end":{"line":24,"column":59}},"11":{"start":{"line":25,"column":4},"end":{"line":25,"column":66}},"12":{"start":{"line":28,"column":33},"end":{"line":31,"column":3}},"13":{"start":{"line":29,"column":4},"end":{"line":29,"column":74}},"14":{"start":{"line":30,"column":4},"end":{"line":30,"column":63}},"15":{"start":{"line":36,"column":0},"end":{"line":36,"column":30}}},"fnMap":{"0":{"name":"(anonymous_1)","decl":{"start":{"line":9,"column":2},"end":{"line":9,"column":null}},"loc":{"start":{"line":9,"column":2},"end":{"line":11,"column":3}}},"1":{"name":"(anonymous_2)","decl":{"start":{"line":13,"column":32},"end":{"line":13,"column":37}},"loc":{"start":{"line":13,"column":90},"end":{"line":16,"column":3}}},"2":{"name":"(anonymous_3)","decl":{"start":{"line":18,"column":33},"end":{"line":18,"column":38}},"loc":{"start":{"line":18,"column":91},"end":{"line":21,"column":3}}},"3":{"name":"(anonymous_4)","decl":{"start":{"line":23,"column":31},"end":{"line":23,"column":36}},"loc":{"start":{"line":23,"column":89},"end":{"line":26,"column":3}}},"4":{"name":"(anonymous_5)","decl":{"start":{"line":28,"column":33},"end":{"line":28,"column":38}},"loc":{"start":{"line":28,"column":91},"end":{"line":31,"column":3}}}},"branchMap":{},"s":{"0":4,"1":4,"2":4,"3":4,"4":1,"5":1,"6":4,"7":2,"8":1,"9":4,"10":1,"11":1,"12":4,"13":1,"14":1,"15":4},"f":{"0":4,"1":1,"2":2,"3":1,"4":1},"b":{}}
,"/home/ahmed/Desktop/playground/nodejs-test/project-task-management-system/src/modules/users/user.routes.ts": {"path":"/home/ahmed/Desktop/playground/nodejs-test/project-task-management-system/src/modules/users/user.routes.ts","statementMap":{"0":{"start":{"line":1,"column":0},"end":{"line":1,"column":33}},"1":{"start":{"line":2,"column":0},"end":{"line":2,"column":47}},"2":{"start":{"line":3,"column":0},"end":{"line":3,"column":58}},"3":{"start":{"line":4,"column":0},"end":{"line":4,"column":68}},"4":{"start":{"line":5,"column":0},"end":{"line":5,"column":45}},"5":{"start":{"line":6,"column":0},"end":{"line":6,"column":61}},"6":{"start":{"line":7,"column":0},"end":{"line":7,"column":52}},"7":{"start":{"line":10,"column":35},"end":{"line":10,"column":43}},"8":{"start":{"line":11,"column":48},"end":{"line":11,"column":68}},"9":{"start":{"line":14,"column":4},"end":{"line":14,"column":28}},"10":{"start":{"line":18,"column":4},"end":{"line":23,"column":null}},"11":{"start":{"line":25,"column":4},"end":{"line":29,"column":null}},"12":{"start":{"line":31,"column":4},"end":{"line":35,"column":null}},"13":{"start":{"line":37,"column":4},"end":{"line":41,"column":null}},"14":{"start":{"line":45,"column":0},"end":{"line":45,"column":26}}},"fnMap":{"0":{"name":"(anonymous_1)","decl":{"start":{"line":13,"column":2},"end":{"line":13,"column":null}},"loc":{"start":{"line":13,"column":2},"end":{"line":15,"column":3}}},"1":{"name":"(anonymous_2)","decl":{"start":{"line":17,"column":10},"end":{"line":17,"column":26}},"loc":{"start":{"line":17,"column":26},"end":{"line":42,"column":3}}}},"branchMap":{},"s":{"0":4,"1":4,"2":4,"3":4,"4":4,"5":4,"6":4,"7":4,"8":4,"9":4,"10":4,"11":4,"12":4,"13":4,"14":4},"f":{"0":4,"1":4},"b":{}}
,"/home/ahmed/Desktop/playground/nodejs-test/project-task-management-system/src/modules/users/user.service.ts": {"path":"/home/ahmed/Desktop/playground/nodejs-test/project-task-management-system/src/modules/users/user.service.ts","statementMap":{"0":{"start":{"line":1,"column":0},"end":{"line":1,"column":45}},"1":{"start":{"line":3,"column":0},"end":{"line":3,"column":56}},"2":{"start":{"line":4,"column":0},"end":{"line":4,"column":47}},"3":{"start":{"line":5,"column":0},"end":{"line":5,"column":70}},"4":{"start":{"line":6,"column":0},"end":{"line":6,"column":55}},"5":{"start":{"line":12,"column":34},"end":{"line":12,"column":37}},"6":{"start":{"line":14,"column":47},"end":{"line":17,"column":6}},"7":{"start":{"line":19,"column":4},"end":{"line":19,"column":104}},"8":{"start":{"line":19,"column":21},"end":{"line":19,"column":104}},"9":{"start":{"line":20,"column":4},"end":{"line":20,"column":117}},"10":{"start":{"line":20,"column":27},"end":{"line":20,"column":117}},"11":{"start":{"line":22,"column":21},"end":{"line":22,"column":48}},"12":{"start":{"line":23,"column":4},"end":{"line":23,"column":58}},"13":{"start":{"line":25,"column":27},"end":{"line":25,"column":53}},"14":{"start":{"line":27,"column":4},"end":{"line":30,"column":7}},"15":{"start":{"line":34,"column":17},"end":{"line":38,"column":6}},"16":{"start":{"line":39,"column":4},"end":{"line":39,"column":57}},"17":{"start":{"line":39,"column":15},"end":{"line":39,"column":57}},"18":{"start":{"line":40,"column":4},"end":{"line":40,"column":16}},"19":{"start":{"line":44,"column":78},"end":{"line":44,"column":83}},"20":{"start":{"line":45,"column":19},"end":{"line":45,"column":38}},"21":{"start":{"line":47,"column":32},"end":{"line":56,"column":6}},"22":{"start":{"line":58,"column":28},"end":{"line":64,"column":6}},"23":{"start":{"line":66,"column":4},"end":{"line":71,"column":6}},"24":{"start":{"line":75,"column":58},"end":{"line":75,"column":61}},"25":{"start":{"line":76,"column":4},"end":{"line":78,"column":5}},"26":{"start":{"line":77,"column":6},"end":{"line":77,"column":82}},"27":{"start":{"line":80,"column":4},"end":{"line":82,"column":5}},"28":{"start":{"line":81,"column":6},"end":{"line":81,"column":87}},"29":{"start":{"line":84,"column":17},"end":{"line":84,"column":48}},"30":{"start":{"line":85,"column":4},"end":{"line":87,"column":5}},"31":{"start":{"line":86,"column":6},"end":{"line":86,"column":48}},"32":{"start":{"line":89,"column":28},"end":{"line":89,"column":83}},"33":{"start":{"line":90,"column":4},"end":{"line":92,"column":5}},"34":{"start":{"line":91,"column":6},"end":{"line":91,"column":61}},"35":{"start":{"line":94,"column":30},"end":{"line":94,"column":59}},"36":{"start":{"line":95,"column":4},"end":{"line":98,"column":7}},"37":{"start":{"line":99,"column":4},"end":{"line":99,"column":11}},"38":{"start":{"line":104,"column":20},"end":{"line":104,"column":74}},"39":{"start":{"line":105,"column":20},"end":{"line":105,"column":32}},"40":{"start":{"line":106,"column":20},"end":{"line":106,"column":32}},"41":{"start":{"line":107,"column":26},"end":{"line":107,"column":53}},"42":{"start":{"line":109,"column":26},"end":{"line":109,"column":100}},"43":{"start":{"line":109,"column":53},"end":{"line":109,"column":100}},"44":{"start":{"line":110,"column":19},"end":{"line":110,"column":91}},"45":{"start":{"line":112,"column":4},"end":{"line":114,"column":5}},"46":{"start":{"line":112,"column":17},"end":{"line":112,"column":32}},"47":{"start":{"line":113,"column":8},"end":{"line":113,"column":49}},"48":{"start":{"line":116,"column":29},"end":{"line":119,"column":17}},"49":{"start":{"line":118,"column":20},"end":{"line":118,"column":39}},"50":{"start":{"line":121,"column":4},"end":{"line":121,"column":28}},"51":{"start":{"line":125,"column":0},"end":{"line":125,"column":27}}},"fnMap":{"0":{"name":"(anonymous_1)","decl":{"start":{"line":11,"column":9},"end":{"line":11,"column":14}},"loc":{"start":{"line":11,"column":47},"end":{"line":31,"column":3}}},"1":{"name":"(anonymous_2)","decl":{"start":{"line":33,"column":9},"end":{"line":33,"column":14}},"loc":{"start":{"line":33,"column":40},"end":{"line":41,"column":3}}},"2":{"name":"(anonymous_3)","decl":{"start":{"line":43,"column":9},"end":{"line":43,"column":14}},"loc":{"start":{"line":43,"column":38},"end":{"line":72,"column":3}}},"3":{"name":"(anonymous_4)","decl":{"start":{"line":74,"column":9},"end":{"line":74,"column":14}},"loc":{"start":{"line":74,"column":61},"end":{"line":100,"column":3}}},"4":{"name":"(anonymous_5)","decl":{"start":{"line":103,"column":10},"end":{"line":103,"column":30}},"loc":{"start":{"line":103,"column":30},"end":{"line":122,"column":3}}},"5":{"name":"(anonymous_6)","decl":{"start":{"line":109,"column":26},"end":{"line":109,"column":27}},"loc":{"start":{"line":109,"column":53},"end":{"line":109,"column":100}}},"6":{"name":"(anonymous_7)","decl":{"start":{"line":118,"column":14},"end":{"line":118,"column":17}},"loc":{"start":{"line":118,"column":20},"end":{"line":118,"column":39}}}},"branchMap":{"0":{"loc":{"start":{"line":19,"column":4},"end":{"line":19,"column":104}},"type":"if","locations":[{"start":{"line":19,"column":4},"end":{"line":19,"column":104}},{"start":{},"end":{}}]},"1":{"loc":{"start":{"line":20,"column":4},"end":{"line":20,"column":117}},"type":"if","locations":[{"start":{"line":20,"column":4},"end":{"line":20,"column":117}},{"start":{},"end":{}}]},"2":{"loc":{"start":{"line":39,"column":4},"end":{"line":39,"column":57}},"type":"if","locations":[{"start":{"line":39,"column":4},"end":{"line":39,"column":57}},{"start":{},"end":{}}]},"3":{"loc":{"start":{"line":44,"column":18},"end":{"line":44,"column":28}},"type":"default-arg","locations":[{"start":{"line":44,"column":26},"end":{"line":44,"column":28}}]},"4":{"loc":{"start":{"line":44,"column":30},"end":{"line":44,"column":50}},"type":"default-arg","locations":[{"start":{"line":44,"column":39},"end":{"line":44,"column":50}}]},"5":{"loc":{"start":{"line":44,"column":52},"end":{"line":44,"column":65}},"type":"default-arg","locations":[{"start":{"line":44,"column":59},"end":{"line":44,"column":65}}]},"6":{"loc":{"start":{"line":49,"column":10},"end":{"line":55,"column":8}},"type":"binary-expr","locations":[{"start":{"line":49,"column":10},"end":{"line":49,"column":16}},{"start":{"line":49,"column":20},"end":{"line":55,"column":8}}]},"7":{"loc":{"start":{"line":76,"column":4},"end":{"line":78,"column":5}},"type":"if","locations":[{"start":{"line":76,"column":4},"end":{"line":78,"column":5}},{"start":{},"end":{}}]},"8":{"loc":{"start":{"line":80,"column":4},"end":{"line":82,"column":5}},"type":"if","locations":[{"start":{"line":80,"column":4},"end":{"line":82,"column":5}},{"start":{},"end":{}}]},"9":{"loc":{"start":{"line":85,"column":4},"end":{"line":87,"column":5}},"type":"if","locations":[{"start":{"line":85,"column":4},"end":{"line":87,"column":5}},{"start":{},"end":{}}]},"10":{"loc":{"start":{"line":90,"column":4},"end":{"line":92,"column":5}},"type":"if","locations":[{"start":{"line":90,"column":4},"end":{"line":92,"column":5}},{"start":{},"end":{}}]}},"s":{"0":5,"1":5,"2":5,"3":5,"4":5,"5":4,"6":4,"7":4,"8":1,"9":3,"10":1,"11":2,"12":2,"13":2,"14":2,"15":4,"16":4,"17":2,"18":2,"19":2,"20":2,"21":2,"22":2,"23":2,"24":5,"25":5,"26":1,"27":4,"28":1,"29":3,"30":3,"31":0,"32":3,"33":3,"34":1,"35":2,"36":2,"37":2,"38":2,"39":2,"40":2,"41":2,"42":2,"43":24,"44":2,"45":2,"46":2,"47":18,"48":2,"49":56,"50":2,"51":5},"f":{"0":4,"1":4,"2":2,"3":5,"4":2,"5":24,"6":56},"b":{"0":[1,3],"1":[1,2],"2":[2,2],"3":[1],"4":[2],"5":[2],"6":[2,0],"7":[1,4],"8":[1,3],"9":[0,3],"10":[1,2]}}
,"/home/ahmed/Desktop/playground/nodejs-test/project-task-management-system/src/shared/api-response.ts": {"path":"/home/ahmed/Desktop/playground/nodejs-test/project-task-management-system/src/shared/api-response.ts","statementMap":{"0":{"start":{"line":5,"column":0},"end":{"line":5,"column":16}},"1":{"start":{"line":2,"column":0},"end":{"line":2,"column":27}},"2":{"start":{"line":12,"column":19},"end":{"line":17,"column":null}},"3":{"start":{"line":19,"column":2},"end":{"line":19,"column":null}}},"fnMap":{"0":{"name":"responseHandler","decl":{"start":{"line":5,"column":16},"end":{"line":5,"column":31}},"loc":{"start":{"line":9,"column":15},"end":{"line":21,"column":1}}}},"branchMap":{"0":{"loc":{"start":{"line":7,"column":2},"end":{"line":7,"column":26}},"type":"default-arg","locations":[{"start":{"line":7,"column":23},"end":{"line":7,"column":26}}]},"1":{"loc":{"start":{"line":15,"column":10},"end":{"line":15,"column":23}},"type":"binary-expr","locations":[{"start":{"line":15,"column":10},"end":{"line":15,"column":17}},{"start":{"line":15,"column":21},"end":{"line":15,"column":23}}]}},"s":{"0":4,"1":4,"2":20,"3":20},"f":{"0":20},"b":{"0":[0],"1":[20,7]}}
,"/home/ahmed/Desktop/playground/nodejs-test/project-task-management-system/src/shared/errors.ts": {"path":"/home/ahmed/Desktop/playground/nodejs-test/project-task-management-system/src/shared/errors.ts","statementMap":{"0":{"start":{"line":6,"column":8},"end":{"line":6,"column":23}},"1":{"start":{"line":7,"column":8},"end":{"line":7,"column":37}},"2":{"start":{"line":8,"column":8},"end":{"line":8,"column":37}},"3":{"start":{"line":9,"column":8},"end":{"line":9,"column":56}},"4":{"start":{"line":14,"column":8},"end":{"line":14,"column":55}},"5":{"start":{"line":18,"column":8},"end":{"line":18,"column":66}},"6":{"start":{"line":22,"column":8},"end":{"line":22,"column":58}},"7":{"start":{"line":26,"column":8},"end":{"line":26,"column":55}},"8":{"start":{"line":30,"column":8},"end":{"line":30,"column":57}},"9":{"start":{"line":34,"column":8},"end":{"line":34,"column":67}},"10":{"start":{"line":1,"column":0},"end":{"line":1,"column":13}}},"fnMap":{"0":{"name":"(anonymous_0)","decl":{"start":{"line":5,"column":4},"end":{"line":5,"column":16}},"loc":{"start":{"line":5,"column":71},"end":{"line":10,"column":5}}},"1":{"name":"(anonymous_1)","decl":{"start":{"line":13,"column":4},"end":{"line":13,"column":10}},"loc":{"start":{"line":13,"column":35},"end":{"line":15,"column":5}}},"2":{"name":"(anonymous_2)","decl":{"start":{"line":17,"column":4},"end":{"line":17,"column":10}},"loc":{"start":{"line":17,"column":46},"end":{"line":19,"column":5}}},"3":{"name":"(anonymous_3)","decl":{"start":{"line":21,"column":4},"end":{"line":21,"column":10}},"loc":{"start":{"line":21,"column":39},"end":{"line":23,"column":5}}},"4":{"name":"(anonymous_4)","decl":{"start":{"line":25,"column":4},"end":{"line":25,"column":10}},"loc":{"start":{"line":25,"column":36},"end":{"line":27,"column":5}}},"5":{"name":"(anonymous_5)","decl":{"start":{"line":29,"column":4},"end":{"line":29,"column":10}},"loc":{"start":{"line":29,"column":37},"end":{"line":31,"column":5}}},"6":{"name":"(anonymous_6)","decl":{"start":{"line":33,"column":4},"end":{"line":33,"column":10}},"loc":{"start":{"line":33,"column":86},"end":{"line":35,"column":5}}}},"branchMap":{"0":{"loc":{"start":{"line":33,"column":31},"end":{"line":33,"column":86}},"type":"default-arg","locations":[{"start":{"line":33,"column":41},"end":{"line":33,"column":86}}]}},"s":{"0":75,"1":75,"2":75,"3":75,"4":19,"5":0,"6":3,"7":10,"8":43,"9":0,"10":8},"f":{"0":75,"1":19,"2":0,"3":3,"4":10,"5":43,"6":0},"b":{"0":[0]}}
}
