TN:
SF:src/middleware/async-wrapper.ts
FN:6,(anonymous_0)
FN:7,(anonymous_1)
FN:8,(anonymous_2)
FNF:3
FNH:3
FNDA:76,(anonymous_0)
FNDA:26,(anonymous_1)
FNDA:6,(anonymous_2)
DA:2,4
DA:6,4
DA:7,76
DA:8,26
DA:9,6
DA:10,0
DA:12,6
DA:17,4
LF:8
LH:7
BRDA:9,0,0,0
BRDA:9,0,1,6
BRF:2
BRH:1
end_of_record
TN:
SF:src/middleware/authenticate.ts
FN:6,(anonymous_1)
FN:14,(anonymous_2)
FNF:2
FNH:2
FNDA:33,(anonymous_1)
FNDA:33,(anonymous_2)
DA:2,4
DA:4,4
DA:6,4
DA:11,33
DA:15,33
DA:17,33
DA:19,2
DA:22,31
DA:23,31
LF:9
LH:9
BRDA:15,0,0,0
BRDA:15,0,1,33
BRDA:17,1,0,2
BRDA:17,1,1,31
BRF:4
BRH:3
end_of_record
TN:
SF:src/middleware/error-handler.ts
FN:4,(anonymous_0)
FN:18,(anonymous_1)
FNF:2
FNH:1
FNDA:19,(anonymous_0)
FNDA:0,(anonymous_1)
DA:2,4
DA:4,4
DA:6,19
DA:7,19
DA:9,19
DA:18,4
DA:19,0
LF:7
LH:6
BRDA:7,0,0,0
BRDA:7,0,1,19
BRDA:9,1,0,19
BRDA:9,1,1,0
BRDA:11,2,0,19
BRDA:11,2,1,0
BRDA:12,3,0,19
BRDA:12,3,1,0
BRDA:13,4,0,19
BRDA:13,4,1,0
BRF:10
BRH:5
end_of_record
TN:
SF:src/middleware/is-admin.ts
FN:5,(anonymous_0)
FNF:1
FNH:1
FNDA:16,(anonymous_0)
DA:3,4
DA:5,4
DA:10,16
DA:11,16
DA:12,7
DA:14,9
LF:6
LH:6
BRDA:11,0,0,7
BRDA:11,0,1,9
BRF:2
BRH:2
end_of_record
TN:
SF:src/middleware/validate-refresh-token.ts
FN:8,(anonymous_1)
FN:16,(anonymous_2)
FNF:2
FNH:2
FNDA:2,(anonymous_1)
FNDA:2,(anonymous_2)
DA:2,4
DA:6,4
DA:8,4
DA:13,2
DA:17,2
DA:19,2
DA:20,1
DA:23,1
DA:24,1
LF:9
LH:9
BRDA:17,0,0,0
BRDA:17,0,1,2
BRDA:19,1,0,1
BRDA:19,1,1,1
BRF:4
BRH:3
end_of_record
TN:
SF:src/middleware/validate-schemas.ts
FN:6,(anonymous_0)
FN:10,(anonymous_1)
FN:18,(anonymous_2)
FNF:3
FNH:3
FNDA:68,(anonymous_0)
FNDA:27,(anonymous_1)
FNDA:4,(anonymous_2)
DA:3,4
DA:5,4
DA:6,4
DA:10,68
DA:11,27
DA:16,27
DA:17,3
DA:18,4
DA:21,3
DA:28,24
DA:29,3
DA:31,21
DA:34,24
LF:13
LH:13
BRDA:8,0,0,36
BRDA:16,1,0,3
BRDA:16,1,1,24
BRDA:23,2,0,3
BRDA:23,2,1,0
BRDA:28,3,0,3
BRDA:28,3,1,21
BRF:7
BRH:6
end_of_record
TN:
SF:src/modules/auth/auth.controller.ts
FN:10,(anonymous_1)
FN:14,(anonymous_2)
FN:24,(anonymous_3)
FN:30,(anonymous_4)
FNF:4
FNH:4
FNDA:4,(anonymous_1)
FNDA:3,(anonymous_2)
FNDA:1,(anonymous_3)
FNDA:1,(anonymous_4)
DA:2,4
DA:3,4
DA:4,4
DA:11,4
DA:14,4
DA:15,3
DA:20,2
DA:21,2
DA:24,4
DA:25,1
DA:26,1
DA:27,1
DA:30,4
DA:31,1
DA:32,1
DA:33,1
DA:37,4
LF:17
LH:17
BRF:0
BRH:0
end_of_record
TN:
SF:src/modules/auth/auth.routes.ts
FN:13,(anonymous_1)
FN:17,(anonymous_2)
FNF:2
FNH:2
FNDA:4,(anonymous_1)
FNDA:4,(anonymous_2)
DA:1,4
DA:2,4
DA:3,4
DA:4,4
DA:5,4
DA:6,4
DA:7,4
DA:10,4
DA:11,4
DA:14,4
DA:18,4
DA:24,4
DA:30,4
DA:40,4
LF:14
LH:14
BRF:0
BRH:0
end_of_record
TN:
SF:src/modules/auth/auth.service.ts
FN:9,(anonymous_1)
FN:32,(anonymous_2)
FN:52,(anonymous_3)
FNF:3
FNH:3
FNDA:6,(anonymous_1)
FNDA:4,(anonymous_2)
FNDA:3,(anonymous_3)
DA:1,5
DA:2,5
DA:3,5
DA:4,5
DA:10,6
DA:11,6
DA:13,4
DA:14,4
DA:16,3
DA:22,3
DA:23,3
DA:28,3
DA:33,4
DA:34,4
DA:35,4
DA:36,3
DA:38,2
DA:44,2
DA:45,2
DA:49,2
DA:53,3
DA:54,3
DA:55,3
DA:56,2
DA:58,2
DA:64,5
LF:26
LH:26
BRDA:11,0,0,2
BRDA:11,0,1,4
BRDA:14,1,0,1
BRDA:14,1,1,3
BRDA:35,2,0,1
BRDA:35,2,1,3
BRDA:36,3,0,1
BRDA:36,3,1,2
BRDA:55,4,0,1
BRDA:55,4,1,2
BRDA:56,5,0,0
BRDA:56,5,1,2
BRF:12
BRH:11
end_of_record
TN:
SF:src/modules/auth/passport.ts
FN:12,(anonymous_1)
FN:24,(anonymous_2)
FNF:2
FNH:2
FNDA:31,(anonymous_1)
FNDA:2,(anonymous_2)
DA:1,4
DA:2,4
DA:3,4
DA:5,4
DA:6,4
DA:7,4
DA:10,4
DA:13,31
DA:14,31
DA:15,31
DA:17,0
DA:22,4
DA:25,2
DA:26,2
DA:28,2
DA:29,1
DA:32,1
DA:34,1
DA:35,1
DA:36,0
DA:39,1
DA:40,1
DA:41,0
DA:44,1
DA:45,1
DA:46,0
DA:49,1
DA:51,0
DA:56,4
LF:29
LH:24
BRDA:28,0,0,1
BRDA:28,0,1,1
BRDA:35,1,0,0
BRDA:35,1,1,1
BRDA:35,2,0,1
BRDA:35,2,1,1
BRDA:40,3,0,0
BRDA:40,3,1,1
BRDA:45,4,0,0
BRDA:45,4,1,1
BRF:10
BRH:7
end_of_record
TN:
SF:src/modules/projects/project.controller.ts
FN:9,(anonymous_1)
FN:13,(anonymous_2)
FN:18,(anonymous_3)
FN:23,(anonymous_4)
FN:28,(anonymous_5)
FN:33,(anonymous_6)
FNF:6
FNH:6
FNDA:4,(anonymous_1)
FNDA:2,(anonymous_2)
FNDA:2,(anonymous_3)
FNDA:1,(anonymous_4)
FNDA:1,(anonymous_5)
FNDA:1,(anonymous_6)
DA:2,4
DA:3,4
DA:10,4
DA:13,4
DA:14,2
DA:15,1
DA:18,4
DA:19,2
DA:20,1
DA:23,4
DA:24,1
DA:25,1
DA:28,4
DA:29,1
DA:30,1
DA:33,4
DA:34,1
DA:35,1
DA:39,4
LF:19
LH:19
BRF:0
BRH:0
end_of_record
TN:
SF:src/modules/projects/project.routes.ts
FN:13,(anonymous_1)
FN:17,(anonymous_2)
FNF:2
FNH:2
FNDA:4,(anonymous_1)
FNDA:4,(anonymous_2)
DA:1,4
DA:2,4
DA:3,4
DA:4,4
DA:5,4
DA:6,4
DA:7,4
DA:10,4
DA:11,4
DA:14,4
DA:18,4
DA:26,4
DA:33,4
DA:40,4
DA:48,4
DA:58,4
LF:16
LH:16
BRF:0
BRH:0
end_of_record
TN:
SF:src/modules/projects/project.service.ts
FN:11,(anonymous_0)
FN:28,(anonymous_1)
FN:76,(anonymous_2)
FN:110,(anonymous_3)
FN:123,(anonymous_4)
FNF:5
FNH:5
FNDA:4,(anonymous_0)
FNDA:2,(anonymous_1)
FNDA:5,(anonymous_2)
FNDA:4,(anonymous_3)
FNDA:4,(anonymous_4)
DA:1,5
DA:2,5
DA:3,5
DA:6,5
DA:7,5
DA:12,4
DA:17,4
DA:18,2
DA:20,2
DA:25,2
DA:29,2
DA:30,2
DA:32,2
DA:41,2
DA:68,2
DA:77,5
DA:78,5
DA:88,5
DA:89,1
DA:92,4
DA:93,1
DA:96,3
DA:97,1
DA:100,2
DA:106,2
DA:111,4
DA:112,4
DA:113,1
DA:115,3
DA:116,1
DA:118,2
DA:120,2
DA:124,4
DA:145,4
DA:146,2
DA:148,2
DA:152,5
LF:37
LH:37
BRDA:17,0,0,2
BRDA:17,0,1,2
BRDA:29,1,0,1
BRDA:29,2,0,2
BRDA:29,3,0,2
BRDA:34,4,0,2
BRDA:34,4,1,0
BRDA:80,5,0,4
BRDA:80,5,1,1
BRDA:88,6,0,1
BRDA:88,6,1,4
BRDA:92,7,0,1
BRDA:92,7,1,3
BRDA:92,8,0,4
BRDA:92,8,1,3
BRDA:96,9,0,1
BRDA:96,9,1,2
BRDA:96,10,0,3
BRDA:96,10,1,1
BRDA:96,10,2,1
BRDA:101,11,0,2
BRDA:101,11,1,2
BRDA:102,12,0,2
BRDA:102,12,1,0
BRDA:103,13,0,2
BRDA:103,13,1,0
BRDA:112,14,0,1
BRDA:112,14,1,3
BRDA:115,15,0,1
BRDA:115,15,1,2
BRDA:145,16,0,2
BRDA:145,16,1,2
BRF:32
BRH:29
end_of_record
TN:
SF:src/modules/tasks/task.controller.ts
FN:9,(anonymous_1)
FN:13,(anonymous_2)
FN:18,(anonymous_3)
FN:23,(anonymous_4)
FN:28,(anonymous_5)
FN:33,(anonymous_6)
FN:38,(anonymous_7)
FN:43,(anonymous_8)
FNF:8
FNH:8
FNDA:4,(anonymous_1)
FNDA:1,(anonymous_2)
FNDA:1,(anonymous_3)
FNDA:1,(anonymous_4)
FNDA:1,(anonymous_5)
FNDA:2,(anonymous_6)
FNDA:1,(anonymous_7)
FNDA:2,(anonymous_8)
DA:2,4
DA:4,4
DA:10,4
DA:13,4
DA:14,1
DA:15,1
DA:18,4
DA:19,1
DA:20,1
DA:23,4
DA:24,1
DA:25,1
DA:28,4
DA:29,1
DA:30,1
DA:33,4
DA:34,2
DA:35,1
DA:38,4
DA:39,1
DA:40,1
DA:43,4
DA:44,2
DA:45,1
DA:49,4
LF:25
LH:25
BRF:0
BRH:0
end_of_record
TN:
SF:src/modules/tasks/task.routes.ts
FN:13,(anonymous_1)
FN:17,(anonymous_2)
FNF:2
FNH:2
FNDA:4,(anonymous_1)
FNDA:4,(anonymous_2)
DA:1,4
DA:2,4
DA:3,4
DA:4,4
DA:5,4
DA:6,4
DA:7,4
DA:10,4
DA:11,4
DA:14,4
DA:18,4
DA:26,4
DA:34,4
DA:42,4
DA:49,4
DA:56,4
DA:63,4
DA:73,4
LF:18
LH:18
BRF:0
BRH:0
end_of_record
TN:
SF:src/modules/tasks/task.service.ts
FN:10,(anonymous_0)
FN:44,(anonymous_1)
FN:86,(anonymous_2)
FN:109,(anonymous_3)
FN:165,(anonymous_4)
FN:191,(anonymous_5)
FN:204,(anonymous_6)
FNF:7
FNH:7
FNDA:3,(anonymous_0)
FNDA:4,(anonymous_1)
FNDA:5,(anonymous_2)
FNDA:2,(anonymous_3)
FNDA:4,(anonymous_4)
FNDA:3,(anonymous_5)
FNDA:5,(anonymous_6)
DA:1,5
DA:2,5
DA:3,5
DA:5,5
DA:6,5
DA:19,3
DA:20,3
DA:26,3
DA:27,1
DA:31,2
DA:41,2
DA:45,4
DA:47,4
DA:57,4
DA:58,1
DA:61,3
DA:66,0
DA:71,3
DA:72,1
DA:75,2
DA:83,2
DA:87,5
DA:89,5
DA:94,5
DA:95,1
DA:98,4
DA:99,1
DA:102,3
DA:103,1
DA:106,2
DA:119,2
DA:120,2
DA:122,2
DA:132,2
DA:157,2
DA:166,4
DA:185,4
DA:186,2
DA:188,2
DA:192,3
DA:193,3
DA:194,0
DA:197,3
DA:198,1
DA:201,2
DA:205,5
DA:206,5
DA:207,5
DA:208,0
DA:211,5
DA:212,2
DA:215,3
DA:216,1
DA:219,2
DA:223,5
LF:55
LH:52
BRDA:26,0,0,1
BRDA:26,0,1,2
BRDA:37,1,0,2
BRDA:37,1,1,2
BRDA:38,2,0,2
BRDA:38,2,1,0
BRDA:39,3,0,2
BRDA:39,3,1,0
BRDA:49,4,0,3
BRDA:49,4,1,1
BRDA:57,5,0,1
BRDA:57,5,1,3
BRDA:61,6,0,0
BRDA:61,6,1,3
BRDA:62,7,0,3
BRDA:62,7,1,2
BRDA:62,7,2,0
BRDA:71,8,0,1
BRDA:71,8,1,2
BRDA:71,9,0,3
BRDA:71,9,1,1
BRDA:71,9,2,1
BRDA:76,10,0,2
BRDA:76,10,1,2
BRDA:77,11,0,2
BRDA:77,11,1,0
BRDA:78,12,0,2
BRDA:78,12,1,0
BRDA:79,13,0,2
BRDA:79,13,1,0
BRDA:80,14,0,2
BRDA:80,14,1,0
BRDA:94,15,0,1
BRDA:94,15,1,4
BRDA:98,16,0,1
BRDA:98,16,1,3
BRDA:102,17,0,1
BRDA:102,17,1,2
BRDA:112,18,0,1
BRDA:113,19,0,2
BRDA:114,20,0,2
BRDA:124,21,0,2
BRDA:124,21,1,0
BRDA:125,22,0,2
BRDA:125,22,1,0
BRDA:126,23,0,2
BRDA:126,23,1,0
BRDA:127,24,0,2
BRDA:127,24,1,0
BRDA:185,25,0,2
BRDA:185,25,1,2
BRDA:185,26,0,4
BRDA:185,26,1,3
BRDA:193,27,0,0
BRDA:193,27,1,3
BRDA:197,28,0,1
BRDA:197,28,1,2
BRDA:207,29,0,0
BRDA:207,29,1,5
BRDA:211,30,0,2
BRDA:211,30,1,3
BRDA:211,31,0,5
BRDA:211,31,1,2
BRDA:215,32,0,1
BRDA:215,32,1,2
BRDA:215,33,0,3
BRDA:215,33,1,3
BRF:67
BRH:53
end_of_record
TN:
SF:src/modules/users/user.controller.ts
FN:9,(anonymous_1)
FN:13,(anonymous_2)
FN:18,(anonymous_3)
FN:23,(anonymous_4)
FN:28,(anonymous_5)
FNF:5
FNH:5
FNDA:4,(anonymous_1)
FNDA:1,(anonymous_2)
FNDA:2,(anonymous_3)
FNDA:1,(anonymous_4)
FNDA:1,(anonymous_5)
DA:2,4
DA:3,4
DA:10,4
DA:13,4
DA:14,1
DA:15,1
DA:18,4
DA:19,2
DA:20,1
DA:23,4
DA:24,1
DA:25,1
DA:28,4
DA:29,1
DA:30,1
DA:36,4
LF:16
LH:16
BRF:0
BRH:0
end_of_record
TN:
SF:src/modules/users/user.routes.ts
FN:13,(anonymous_1)
FN:17,(anonymous_2)
FNF:2
FNH:2
FNDA:4,(anonymous_1)
FNDA:4,(anonymous_2)
DA:1,4
DA:2,4
DA:3,4
DA:4,4
DA:5,4
DA:6,4
DA:7,4
DA:10,4
DA:11,4
DA:14,4
DA:18,4
DA:25,4
DA:31,4
DA:37,4
DA:45,4
LF:15
LH:15
BRF:0
BRH:0
end_of_record
TN:
SF:src/modules/users/user.service.ts
FN:11,(anonymous_1)
FN:33,(anonymous_2)
FN:43,(anonymous_3)
FN:74,(anonymous_4)
FN:103,(anonymous_5)
FN:109,(anonymous_6)
FN:118,(anonymous_7)
FNF:7
FNH:7
FNDA:4,(anonymous_1)
FNDA:4,(anonymous_2)
FNDA:2,(anonymous_3)
FNDA:5,(anonymous_4)
FNDA:2,(anonymous_5)
FNDA:24,(anonymous_6)
FNDA:56,(anonymous_7)
DA:1,5
DA:3,5
DA:4,5
DA:5,5
DA:6,5
DA:12,4
DA:14,4
DA:19,4
DA:20,3
DA:22,2
DA:23,2
DA:25,2
DA:27,2
DA:34,4
DA:39,4
DA:40,2
DA:44,2
DA:45,2
DA:47,2
DA:58,2
DA:66,2
DA:75,5
DA:76,5
DA:77,1
DA:80,4
DA:81,1
DA:84,3
DA:85,3
DA:86,0
DA:89,3
DA:90,3
DA:91,1
DA:94,2
DA:95,2
DA:99,2
DA:104,2
DA:105,2
DA:106,2
DA:107,2
DA:109,24
DA:110,2
DA:112,2
DA:113,18
DA:116,2
DA:118,56
DA:121,2
DA:125,5
LF:47
LH:46
BRDA:19,0,0,1
BRDA:19,0,1,3
BRDA:20,1,0,1
BRDA:20,1,1,2
BRDA:39,2,0,2
BRDA:39,2,1,2
BRDA:44,3,0,1
BRDA:44,4,0,2
BRDA:44,5,0,2
BRDA:49,6,0,2
BRDA:49,6,1,0
BRDA:76,7,0,1
BRDA:76,7,1,4
BRDA:80,8,0,1
BRDA:80,8,1,3
BRDA:85,9,0,0
BRDA:85,9,1,3
BRDA:90,10,0,1
BRDA:90,10,1,2
BRF:19
BRH:17
end_of_record
TN:
SF:src/shared/api-response.ts
FN:5,responseHandler
FNF:1
FNH:1
FNDA:20,responseHandler
DA:2,4
DA:5,4
DA:12,20
DA:19,20
LF:4
LH:4
BRDA:7,0,0,0
BRDA:15,1,0,20
BRDA:15,1,1,7
BRF:3
BRH:2
end_of_record
TN:
SF:src/shared/errors.ts
FN:5,(anonymous_0)
FN:13,(anonymous_1)
FN:17,(anonymous_2)
FN:21,(anonymous_3)
FN:25,(anonymous_4)
FN:29,(anonymous_5)
FN:33,(anonymous_6)
FNF:7
FNH:5
FNDA:75,(anonymous_0)
FNDA:19,(anonymous_1)
FNDA:0,(anonymous_2)
FNDA:3,(anonymous_3)
FNDA:10,(anonymous_4)
FNDA:43,(anonymous_5)
FNDA:0,(anonymous_6)
DA:1,8
DA:6,75
DA:7,75
DA:8,75
DA:9,75
DA:14,19
DA:18,0
DA:22,3
DA:26,10
DA:30,43
DA:34,0
LF:11
LH:9
BRDA:33,0,0,0
BRF:1
BRH:0
end_of_record
